Loaded module: cuda/11.8
Loaded module: cudnn/v8.9.1.23-prod-cuda-11.X
/bin/bash: list: command not found

------------------------------------------------------------
Sender: LSF System <lsfadmin@hpc.dtu.dk>
Subject: Job 17722768: <NONAME> in cluster <dcc> Exited

Job <NONAME> was submitted from host <n-62-12-19> by user <s212645> in cluster <dcc> at Mon Sep 11 22:21:22 2023
Job was executed on host(s) <n-62-31-1>, in queue <hpc>, as user <s212645> in cluster <dcc> at Mon Sep 11 22:21:23 2023
</zhome/02/b/164706> was used as the home directory.
</zhome/02/b/164706/Master_Courses/2023_Fall/Spectral_Reconstruction> was used as the working directory.
Started at Mon Sep 11 22:21:23 2023
Terminated at Mon Sep 11 22:21:27 2023
Results reported at Mon Sep 11 22:21:27 2023

Your job looked like:

------------------------------------------------------------
# LSBATCH: User input
list
------------------------------------------------------------

Exited with exit code 127.

Resource usage summary:

    CPU time :                                   1.46 sec.
    Max Memory :                                 -
    Average Memory :                             -
    Total Requested Memory :                     1024.00 MB
    Delta Memory :                               -
    Max Swap :                                   -
    Max Processes :                              -
    Max Threads :                                -
    Run time :                                   87 sec.
    Turnaround time :                            5 sec.

The output (if any) is above this job summary.

