Tue Nov 28 11:00:57 2023       
+---------------------------------------------------------------------------------------+
| NVIDIA-SMI 535.104.12             Driver Version: 535.104.12   CUDA Version: 12.2     |
|-----------------------------------------+----------------------+----------------------+
| GPU  Name                 Persistence-M | Bus-Id        Disp.A | Volatile Uncorr. ECC |
| Fan  Temp   Perf          Pwr:Usage/Cap |         Memory-Usage | GPU-Util  Compute M. |
|                                         |                      |               MIG M. |
|=========================================+======================+======================|
|   0  NVIDIA A100 80GB PCIe          On  | 00000000:CA:00.0 Off |                    0 |
| N/A   33C    P0              45W / 300W |      4MiB / 81920MiB |      0%   E. Process |
|                                         |                      |             Disabled |
+-----------------------------------------+----------------------+----------------------+
                                                                                         
+---------------------------------------------------------------------------------------+
| Processes:                                                                            |
|  GPU   GI   CI        PID   Type   Process name                            GPU Memory |
|        ID   ID                                                             Usage      |
|=======================================================================================|
|  No running processes found                                                           |
+---------------------------------------------------------------------------------------+
[Warning] Fused window process have not been installed. Please refer to get_started.md for installation.
cuda
pretrained model loaded, iteration:  179256

loading dataset ...
finish:  001.mat
finish:  002.mat
finish:  003.mat
finish:  004.mat
finish:  005.mat
finish:  006.mat
finish:  007.mat
finish:  008.mat
finish:  009.mat
finish:  010.mat
finish:  011.mat
finish:  012.mat
finish:  013.mat
finish:  014.mat
finish:  015.mat
finish:  016.mat
finish:  017.mat
finish:  018.mat
finish:  019.mat
finish:  020.mat
finish:  021.mat
finish:  022.mat
finish:  023.mat
finish:  024.mat
finish:  025.mat
finish:  026.mat
finish:  027.mat
finish:  028.mat
finish:  029.mat
finish:  030.mat
finish:  031.mat
finish:  032.mat
finish:  033.mat
finish:  034.mat
finish:  035.mat
finish:  036.mat
finish:  037.mat
finish:  038.mat
finish:  039.mat
finish:  040.mat
finish:  041.mat
finish:  042.mat
finish:  043.mat
finish:  044.mat
finish:  045.mat
finish:  046.mat
finish:  047.mat
finish:  048.mat
finish:  049.mat
finish:  050.mat
finish:  051.mat
finish:  052.mat
finish:  053.mat
finish:  054.mat
finish:  055.mat
finish:  056.mat
finish:  057.mat
finish:  058.mat
finish:  059.mat
finish:  060.mat
finish:  061.mat
finish:  062.mat
finish:  063.mat
finish:  064.mat
finish:  065.mat
finish:  066.mat
finish:  067.mat
finish:  068.mat
finish:  069.mat
finish:  070.mat
finish:  071.mat
finish:  072.mat
finish:  073.mat
finish:  074.mat
finish:  075.mat
finish:  076.mat
finish:  077.mat
finish:  078.mat
finish:  079.mat
finish:  080.mat
finish:  081.mat
finish:  082.mat
finish:  083.mat
finish:  084.mat
finish:  085.mat
finish:  086.mat
finish:  087.mat
finish:  088.mat
finish:  089.mat
finish:  090.mat
finish:  091.mat
finish:  092.mat
finish:  093.mat
finish:  094.mat
finish:  095.mat
finish:  096.mat
finish:  097.mat
finish:  098.mat
finish:  099.mat
finish:  100.mat
finish:  101.mat
finish:  102.mat
finish:  103.mat
finish:  104.mat
finish:  105.mat
finish:  106.mat
finish:  107.mat
finish:  108.mat
finish:  109.mat
finish:  110.mat
finish:  111.mat
finish:  112.mat
finish:  113.mat
finish:  114.mat
finish:  115.mat
finish:  116.mat
finish:  117.mat
finish:  118.mat
finish:  119.mat
finish:  120.mat
finish:  121.mat
finish:  122.mat
finish:  123.mat
finish:  124.mat
finish:  125.mat
finish:  126.mat
finish:  127.mat
finish:  128.mat
finish:  129.mat
finish:  130.mat
finish:  131.mat
finish:  132.mat
finish:  133.mat
finish:  134.mat
finish:  135.mat
finish:  136.mat
finish:  137.mat
finish:  138.mat
finish:  139.mat
finish:  140.mat
finish:  141.mat
finish:  142.mat
finish:  143.mat
finish:  144.mat
finish:  145.mat
finish:  146.mat
finish:  147.mat
finish:  148.mat
finish:  149.mat
finish:  150.mat
finish:  151.mat
finish:  152.mat
finish:  153.mat
finish:  154.mat
finish:  155.mat
finish:  156.mat
finish:  157.mat
finish:  158.mat
finish:  159.mat
finish:  160.mat
finish:  161.mat
finish:  162.mat
finish:  163.mat
finish:  164.mat
finish:  165.mat
finish:  166.mat
finish:  167.mat
finish:  168.mat
finish:  169.mat
finish:  170.mat
finish:  171.mat
finish:  172.mat
finish:  173.mat
finish:  174.mat
finish:  175.mat
finish:  176.mat
finish:  177.mat
finish:  178.mat
finish:  179.mat
finish:  180.mat
finish:  181.mat
finish:  182.mat
finish:  183.mat
finish:  184.mat
finish:  185.mat
finish:  186.mat
finish:  187.mat
finish:  188.mat
finish:  189.mat
finish:  190.mat
finish:  191.mat
finish:  192.mat
finish:  193.mat
finish:  194.mat
finish:  195.mat
finish:  196.mat
finish:  197.mat
finish:  198.mat
finish:  199.mat
finish:  200.mat
finish:  201.mat
finish:  202.mat
finish:  203.mat
finish:  204.mat
finish:  205.mat
finish:  206.mat
finish:  207.mat
finish:  208.mat
finish:  209.mat
finish:  001.mat
finish:  002.mat
finish:  003.mat
finish:  004.mat
finish:  005.mat
finish:  006.mat
finish:  007.mat
finish:  008.mat
finish:  009.mat
finish:  010.mat
finish:  011.mat
finish:  012.mat
finish:  013.mat
finish:  014.mat
finish:  015.mat
finish:  016.mat
finish:  017.mat
finish:  018.mat
finish:  019.mat
finish:  020.mat
finish:  021.mat
finish:  022.mat
finish:  023.mat
finish:  024.mat
finish:  025.mat
finish:  026.mat
finish:  027.mat
finish:  028.mat
finish:  029.mat
finish:  030.mat
finish:  031.mat
finish:  032.mat
finish:  033.mat
finish:  034.mat
finish:  035.mat
finish:  036.mat
finish:  037.mat
finish:  038.mat
finish:  039.mat
finish:  040.mat
finish:  041.mat
finish:  042.mat
finish:  043.mat
finish:  044.mat
finish:  045.mat
finish:  046.mat
finish:  047.mat
finish:  048.mat
finish:  049.mat
finish:  050.mat
finish:  051.mat
finish:  052.mat
finish:  053.mat
finish:  054.mat
finish:  055.mat
finish:  056.mat
finish:  057.mat
finish:  058.mat
finish:  059.mat
finish:  060.mat
finish:  061.mat
finish:  062.mat
finish:  063.mat
finish:  064.mat
finish:  065.mat
finish:  066.mat
finish:  067.mat
finish:  068.mat
finish:  069.mat
finish:  070.mat
finish:  071.mat
finish:  072.mat
finish:  073.mat
finish:  074.mat
finish:  075.mat
finish:  076.mat
finish:  077.mat
finish:  078.mat
finish:  079.mat
finish:  080.mat
finish:  081.mat
finish:  082.mat
finish:  083.mat
finish:  084.mat
finish:  085.mat
finish:  086.mat
finish:  087.mat
finish:  088.mat
finish:  089.mat
finish:  090.mat
finish:  091.mat
finish:  092.mat
finish:  093.mat
finish:  094.mat
finish:  095.mat
finish:  096.mat
finish:  097.mat
finish:  098.mat
finish:  099.mat
finish:  100.mat
finish:  101.mat
finish:  102.mat
finish:  103.mat
finish:  104.mat
finish:  105.mat
finish:  106.mat
finish:  107.mat
finish:  108.mat
finish:  109.mat
finish:  110.mat
finish:  111.mat
finish:  112.mat
finish:  113.mat
finish:  114.mat
finish:  115.mat
finish:  116.mat
finish:  117.mat
finish:  118.mat
finish:  119.mat
finish:  120.mat
finish:  121.mat
finish:  122.mat
finish:  123.mat
finish:  124.mat
finish:  125.mat
finish:  126.mat
finish:  127.mat
finish:  128.mat
finish:  129.mat
finish:  130.mat
finish:  131.mat
finish:  132.mat
finish:  133.mat
finish:  134.mat
finish:  135.mat
finish:  136.mat
finish:  137.mat
finish:  138.mat
finish:  139.mat
finish:  140.mat
finish:  141.mat
finish:  142.mat
finish:  143.mat
finish:  144.mat
finish:  145.mat
finish:  146.mat
finish:  147.mat
finish:  148.mat
finish:  149.mat
finish:  150.mat
finish:  151.mat
finish:  152.mat
finish:  153.mat
finish:  154.mat
finish:  155.mat
finish:  156.mat
finish:  157.mat
finish:  158.mat
finish:  159.mat
finish:  160.mat
finish:  161.mat
finish:  162.mat
finish:  163.mat
finish:  164.mat
finish:  165.mat
finish:  166.mat
finish:  167.mat
finish:  168.mat
finish:  169.mat
finish:  170.mat
finish:  171.mat
finish:  172.mat
finish:  173.mat
finish:  174.mat
finish:  175.mat
finish:  176.mat
finish:  177.mat
finish:  178.mat
finish:  179.mat
finish:  180.mat
finish:  181.mat
finish:  182.mat
finish:  183.mat
finish:  184.mat
finish:  185.mat
finish:  186.mat
finish:  187.mat
finish:  188.mat
finish:  189.mat
finish:  190.mat
finish:  191.mat
finish:  192.mat
finish:  193.mat
finish:  194.mat
finish:  195.mat
finish:  196.mat
finish:  197.mat
finish:  198.mat
finish:  199.mat
finish:  200.mat
finish:  201.mat
finish:  202.mat
finish:  203.mat
finish:  204.mat
finish:  205.mat
finish:  206.mat
finish:  207.mat
finish:  208.mat
finish:  209.mat
finish:  210.mat
finish:  211.mat
finish:  212.mat
finish:  213.mat
finish:  214.mat
finish:  215.mat
finish:  216.mat
finish:  217.mat
finish:  218.mat
finish:  219.mat
finish:  220.mat
finish:  221.mat
finish:  222.mat
finish:  223.mat
finish:  224.mat
finish:  225.mat
finish:  226.mat
finish:  227.mat
finish:  228.mat
finish:  229.mat
finish:  230.mat
finish:  231.mat
finish:  232.mat
finish:  233.mat
finish:  234.mat
finish:  235.mat
finish:  236.mat
finish:  237.mat
finish:  238.mat
finish:  239.mat
finish:  240.mat
finish:  241.mat
finish:  242.mat
finish:  243.mat
finish:  244.mat
finish:  245.mat
finish:  246.mat
finish:  247.mat
finish:  248.mat
finish:  249.mat
finish:  250.mat
finish:  251.mat
finish:  252.mat
finish:  253.mat
finish:  254.mat
finish:  255.mat
finish:  256.mat
finish:  257.mat
finish:  258.mat
finish:  259.mat
finish:  260.mat
finish:  261.mat
finish:  262.mat
finish:  263.mat
finish:  264.mat
finish:  265.mat
finish:  266.mat
finish:  267.mat
finish:  268.mat
finish:  269.mat
finish:  270.mat
finish:  271.mat
finish:  272.mat
finish:  273.mat
finish:  274.mat
finish:  275.mat
finish:  276.mat
finish:  277.mat
finish:  278.mat
finish:  279.mat
finish:  280.mat
finish:  281.mat
finish:  282.mat
finish:  283.mat
finish:  284.mat
finish:  285.mat
finish:  286.mat
finish:  287.mat
finish:  288.mat
finish:  289.mat
finish:  290.mat
finish:  291.mat
finish:  292.mat
finish:  293.mat
finish:  294.mat
finish:  295.mat
finish:  296.mat
finish:  297.mat
finish:  298.mat
finish:  299.mat
finish:  300.mat
finish:  301.mat
finish:  302.mat
finish:  303.mat
finish:  304.mat
finish:  305.mat
finish:  306.mat
finish:  307.mat
finish:  308.mat
finish:  309.mat
finish:  310.mat
finish:  311.mat
finish:  312.mat
finish:  313.mat
finish:  314.mat
finish:  315.mat
finish:  316.mat
finish:  317.mat
finish:  318.mat
finish:  319.mat
finish:  320.mat
finish:  321.mat
finish:  322.mat
finish:  323.mat
finish:  324.mat
finish:  325.mat
finish:  326.mat
finish:  327.mat
finish:  328.mat
finish:  329.mat
finish:  330.mat
finish:  331.mat
finish:  332.mat
finish:  333.mat
finish:  334.mat
finish:  335.mat
finish:  336.mat
finish:  337.mat
finish:  338.mat
finish:  339.mat
finish:  340.mat
finish:  341.mat
finish:  342.mat
finish:  343.mat
finish:  344.mat
finish:  345.mat
finish:  346.mat
finish:  347.mat
finish:  348.mat
finish:  349.mat
finish:  350.mat
finish:  351.mat
finish:  352.mat
finish:  353.mat
finish:  354.mat
finish:  355.mat
finish:  356.mat
finish:  357.mat
finish:  358.mat
finish:  359.mat
finish:  360.mat
finish:  361.mat
finish:  362.mat
finish:  363.mat
finish:  364.mat
finish:  365.mat
finish:  366.mat
finish:  367.mat
finish:  368.mat
finish:  369.mat
finish:  370.mat
finish:  371.mat
finish:  372.mat
finish:  373.mat
finish:  374.mat
finish:  375.mat
finish:  376.mat
finish:  377.mat
finish:  378.mat
finish:  379.mat
finish:  380.mat
finish:  381.mat
finish:  382.mat
finish:  383.mat
finish:  384.mat
finish:  385.mat
finish:  386.mat
finish:  387.mat
finish:  388.mat
finish:  389.mat
finish:  390.mat
finish:  391.mat
finish:  392.mat
finish:  393.mat
finish:  394.mat
finish:  395.mat
finish:  396.mat
finish:  397.mat
finish:  398.mat
finish:  399.mat
finish:  400.mat
finish:  401.mat
finish:  402.mat
finish:  403.mat
finish:  404.mat
finish:  405.mat
finish:  406.mat
finish:  407.mat
finish:  408.mat
finish:  409.mat
finish:  410.mat
finish:  411.mat
finish:  412.mat
finish:  413.mat
finish:  414.mat
finish:  415.mat
finish:  416.mat
finish:  417.mat
finish:  418.mat
finish:  419.mat
finish:  420.mat
finish:  421.mat
finish:  422.mat
finish:  423.mat
finish:  424.mat
finish:  425.mat
finish:  426.mat
finish:  427.mat
finish:  428.mat
finish:  429.mat
finish:  430.mat
finish:  431.mat
finish:  432.mat
finish:  433.mat
finish:  434.mat
finish:  435.mat
finish:  436.mat
finish:  437.mat
finish:  438.mat
finish:  439.mat
finish:  440.mat
finish:  441.mat
finish:  442.mat
finish:  443.mat
finish:  444.mat
finish:  445.mat
finish:  446.mat
finish:  447.mat
finish:  448.mat
finish:  449.mat
finish:  450.mat
finish:  451.mat
finish:  452.mat
finish:  453.mat
finish:  454.mat
finish:  455.mat
finish:  456.mat
finish:  457.mat
finish:  458.mat
finish:  459.mat
finish:  460.mat
finish:  461.mat
finish:  462.mat
finish:  463.mat
finish:  464.mat
finish:  465.mat
finish:  466.mat
finish:  467.mat
finish:  468.mat
finish:  469.mat
finish:  470.mat
finish:  471.mat
finish:  472.mat
finish:  473.mat
finish:  474.mat
finish:  475.mat
finish:  476.mat
finish:  477.mat
finish:  478.mat
finish:  479.mat
finish:  480.mat
finish:  481.mat
finish:  482.mat
finish:  483.mat
finish:  484.mat
finish:  485.mat
finish:  486.mat
finish:  487.mat
finish:  488.mat
finish:  489.mat
finish:  490.mat
finish:  491.mat
finish:  492.mat
finish:  493.mat
finish:  494.mat
finish:  495.mat
finish:  496.mat
finish:  497.mat
finish:  498.mat
finish:  499.mat
finish:  500.mat
finish:  501.mat
finish:  502.mat
finish:  503.mat
finish:  504.mat
finish:  505.mat
finish:  506.mat
finish:  507.mat
finish:  508.mat
finish:  509.mat
finish:  510.mat
finish:  511.mat
finish:  512.mat
finish:  513.mat
finish:  514.mat
finish:  515.mat
finish:  516.mat
finish:  517.mat
finish:  518.mat
finish:  519.mat
finish:  520.mat
finish:  521.mat
finish:  522.mat
finish:  523.mat
finish:  524.mat
finish:  525.mat
finish:  526.mat
finish:  527.mat
finish:  528.mat
finish:  529.mat
finish:  530.mat
finish:  531.mat
finish:  532.mat
finish:  533.mat
finish:  534.mat
finish:  535.mat
finish:  536.mat
finish:  537.mat
finish:  538.mat
finish:  539.mat
finish:  540.mat
finish:  541.mat
finish:  542.mat
finish:  543.mat
finish:  544.mat
finish:  545.mat
finish:  546.mat
finish:  547.mat
finish:  548.mat
finish:  549.mat
finish:  550.mat
finish:  551.mat
finish:  552.mat
finish:  553.mat
finish:  554.mat
finish:  555.mat
finish:  556.mat
finish:  557.mat
finish:  558.mat
finish:  559.mat
finish:  560.mat
finish:  561.mat
finish:  562.mat
finish:  563.mat
finish:  564.mat
finish:  565.mat
finish:  566.mat
finish:  567.mat
finish:  568.mat
finish:  569.mat
finish:  570.mat
finish:  571.mat
finish:  572.mat
finish:  573.mat
finish:  574.mat
finish:  575.mat
finish:  576.mat
finish:  577.mat
finish:  578.mat
finish:  579.mat
finish:  580.mat
finish:  581.mat
finish:  582.mat
finish:  583.mat
finish:  584.mat
finish:  585.mat
finish:  586.mat
finish:  587.mat
finish:  588.mat
finish:  589.mat
finish:  590.mat
finish:  591.mat
finish:  592.mat
finish:  593.mat
finish:  594.mat
finish:  595.mat
finish:  596.mat
finish:  597.mat
finish:  598.mat
finish:  599.mat
finish:  600.mat
finish:  601.mat
finish:  602.mat
finish:  603.mat
finish:  604.mat
finish:  605.mat
finish:  606.mat
finish:  607.mat
finish:  608.mat
finish:  609.mat
finish:  610.mat
finish:  611.mat
finish:  612.mat
finish:  613.mat
finish:  614.mat
finish:  615.mat
finish:  616.mat
finish:  617.mat
finish:  618.mat
finish:  619.mat
finish:  620.mat
finish:  621.mat
finish:  622.mat
finish:  623.mat
finish:  624.mat
finish:  625.mat
finish:  626.mat
finish:  627.mat
finish:  628.mat
finish:  629.mat
finish:  630.mat
finish:  631.mat
finish:  632.mat
finish:  633.mat
finish:  634.mat
finish:  635.mat
finish:  636.mat
finish:  637.mat
finish:  638.mat
finish:  639.mat
finish:  640.mat
finish:  641.mat
finish:  642.mat
finish:  643.mat
finish:  644.mat
finish:  645.mat
finish:  646.mat
finish:  647.mat
finish:  648.mat
finish:  649.mat
finish:  650.mat
finish:  651.mat
finish:  652.mat
finish:  653.mat
finish:  654.mat
finish:  655.mat
finish:  656.mat
finish:  657.mat
finish:  658.mat
finish:  659.mat
finish:  660.mat
finish:  661.mat
finish:  662.mat
finish:  663.mat
finish:  664.mat
finish:  665.mat
finish:  666.mat
finish:  667.mat
finish:  668.mat
finish:  669.mat
finish:  670.mat
finish:  671.mat
finish:  672.mat
finish:  673.mat
finish:  674.mat
finish:  675.mat
finish:  676.mat
finish:  677.mat
finish:  678.mat
finish:  679.mat
finish:  680.mat
finish:  681.mat
finish:  682.mat
finish:  683.mat
finish:  684.mat
finish:  685.mat
finish:  686.mat
finish:  687.mat
finish:  688.mat
finish:  689.mat
finish:  690.mat
finish:  691.mat
finish:  692.mat
finish:  693.mat
finish:  694.mat
finish:  695.mat
finish:  696.mat
finish:  697.mat
finish:  698.mat
finish:  699.mat
finish:  700.mat
finish:  701.mat
finish:  702.mat
finish:  703.mat
finish:  704.mat
finish:  705.mat
finish:  706.mat
finish:  707.mat
finish:  708.mat
finish:  709.mat
finish:  710.mat
finish:  711.mat
finish:  712.mat
finish:  713.mat
finish:  714.mat
finish:  715.mat
finish:  716.mat
finish:  717.mat
finish:  718.mat
finish:  719.mat
finish:  720.mat
finish:  721.mat
finish:  722.mat
finish:  723.mat
finish:  724.mat
finish:  725.mat
finish:  726.mat
finish:  727.mat
finish:  728.mat
finish:  729.mat
finish:  730.mat
finish:  731.mat
finish:  732.mat
finish:  733.mat
finish:  734.mat
finish:  735.mat
finish:  736.mat
finish:  737.mat
finish:  738.mat
finish:  739.mat
finish:  740.mat
finish:  741.mat
finish:  742.mat
finish:  743.mat
finish:  744.mat
finish:  745.mat
finish:  746.mat
finish:  747.mat
finish:  748.mat
finish:  749.mat
finish:  750.mat
finish:  751.mat
finish:  752.mat
finish:  753.mat
finish:  754.mat
finish:  755.mat
finish:  756.mat
finish:  757.mat
finish:  758.mat
finish:  759.mat
finish:  760.mat
Iteration per epoch: 51218
finish:  210.mat
finish:  211.mat
finish:  212.mat
finish:  213.mat
finish:  214.mat
finish:  215.mat
finish:  216.mat
finish:  217.mat
finish:  218.mat
finish:  219.mat
finish:  220.mat
finish:  221.mat
finish:  222.mat
finish:  223.mat
finish:  224.mat
finish:  225.mat
finish:  226.mat
finish:  227.mat
finish:  228.mat
finish:  229.mat
finish:  230.mat
finish:  231.mat
finish:  232.mat
finish:  233.mat
finish:  234.mat
finish:  235.mat
finish:  761.mat
finish:  762.mat
finish:  763.mat
finish:  764.mat
finish:  765.mat
finish:  766.mat
finish:  767.mat
finish:  768.mat
finish:  769.mat
finish:  770.mat
finish:  771.mat
finish:  772.mat
finish:  773.mat
finish:  774.mat
finish:  775.mat
finish:  776.mat
finish:  777.mat
finish:  778.mat
finish:  779.mat
finish:  780.mat
finish:  781.mat
finish:  782.mat
finish:  783.mat
finish:  784.mat
finish:  785.mat
finish:  786.mat
finish:  787.mat
finish:  788.mat
finish:  789.mat
finish:  790.mat
finish:  791.mat
finish:  792.mat
finish:  793.mat
finish:  794.mat
finish:  795.mat
finish:  796.mat
finish:  797.mat
finish:  798.mat
finish:  799.mat
finish:  800.mat
finish:  801.mat
finish:  802.mat
finish:  803.mat
finish:  804.mat
finish:  805.mat
finish:  806.mat
finish:  807.mat
finish:  808.mat
finish:  809.mat
finish:  810.mat
finish:  811.mat
finish:  812.mat
finish:  813.mat
finish:  814.mat
finish:  815.mat
finish:  816.mat
finish:  817.mat
finish:  818.mat
finish:  819.mat
finish:  820.mat
finish:  821.mat
finish:  822.mat
finish:  823.mat
finish:  824.mat
finish:  825.mat
finish:  826.mat
finish:  827.mat
finish:  828.mat
finish:  829.mat
finish:  830.mat
finish:  831.mat
finish:  832.mat
finish:  833.mat
finish:  834.mat
finish:  835.mat
finish:  836.mat
finish:  837.mat
finish:  838.mat
finish:  839.mat
finish:  840.mat
finish:  841.mat
finish:  842.mat
finish:  843.mat
finish:  844.mat
finish:  845.mat
finish:  846.mat
finish:  847.mat
finish:  848.mat
finish:  849.mat
finish:  850.mat
finish:  851.mat
finish:  852.mat
finish:  853.mat
finish:  854.mat
finish:  855.mat
Validation set samples:  6441
finish:  236.mat
finish:  237.mat
finish:  238.mat
finish:  239.mat
finish:  240.mat
finish:  241.mat
finish:  242.mat
finish:  243.mat
finish:  244.mat
finish:  245.mat
finish:  246.mat
finish:  247.mat
finish:  248.mat
finish:  249.mat
finish:  250.mat
finish:  251.mat
finish:  252.mat
finish:  253.mat
finish:  254.mat
finish:  255.mat
finish:  256.mat
finish:  257.mat
finish:  258.mat
finish:  259.mat
finish:  260.mat
finish:  261.mat
finish:  856.mat
finish:  857.mat
finish:  858.mat
finish:  859.mat
finish:  860.mat
finish:  861.mat
finish:  862.mat
finish:  863.mat
finish:  864.mat
finish:  865.mat
finish:  866.mat
finish:  867.mat
finish:  868.mat
finish:  869.mat
finish:  870.mat
finish:  871.mat
finish:  872.mat
finish:  873.mat
finish:  874.mat
finish:  875.mat
finish:  876.mat
finish:  877.mat
finish:  878.mat
finish:  879.mat
finish:  880.mat
finish:  881.mat
finish:  882.mat
finish:  883.mat
finish:  884.mat
finish:  885.mat
finish:  886.mat
finish:  887.mat
finish:  888.mat
finish:  889.mat
finish:  890.mat
finish:  891.mat
finish:  892.mat
finish:  893.mat
finish:  894.mat
finish:  895.mat
finish:  896.mat
finish:  897.mat
finish:  898.mat
finish:  899.mat
finish:  900.mat
finish:  901.mat
finish:  902.mat
finish:  903.mat
finish:  904.mat
finish:  905.mat
finish:  906.mat
finish:  907.mat
finish:  908.mat
finish:  909.mat
finish:  910.mat
finish:  911.mat
finish:  912.mat
finish:  913.mat
finish:  914.mat
finish:  915.mat
finish:  916.mat
finish:  917.mat
finish:  918.mat
finish:  919.mat
finish:  920.mat
finish:  921.mat
finish:  922.mat
finish:  923.mat
finish:  924.mat
finish:  925.mat
finish:  926.mat
finish:  927.mat
finish:  928.mat
finish:  929.mat
finish:  930.mat
finish:  931.mat
finish:  932.mat
finish:  933.mat
finish:  934.mat
finish:  935.mat
finish:  936.mat
finish:  937.mat
finish:  938.mat
finish:  939.mat
finish:  940.mat
finish:  941.mat
finish:  942.mat
finish:  943.mat
finish:  944.mat
finish:  945.mat
finish:  946.mat
finish:  947.mat
finish:  948.mat
finish:  949.mat
finish:  950.mat
Validation set samples:  6441
[iter:179260/400000],lr=0.000232860,train_losses.avg=0.142091647
[iter:179280/400000],lr=0.000232860,train_losses.avg=0.132710934
[iter:179300/400000],lr=0.000232860,train_losses.avg=0.133228600
[iter:179320/400000],lr=0.000232860,train_losses.avg=0.135944352
[iter:179340/400000],lr=0.000232860,train_losses.avg=0.133258417
[iter:179360/400000],lr=0.000232859,train_losses.avg=0.131996363
[iter:179380/400000],lr=0.000232859,train_losses.avg=0.130081877
[iter:179400/400000],lr=0.000232859,train_losses.avg=0.131483585
[iter:179420/400000],lr=0.000232859,train_losses.avg=0.130035132
[iter:179440/400000],lr=0.000232859,train_losses.avg=0.127612829
[iter:179460/400000],lr=0.000232859,train_losses.avg=0.127113596
[iter:179480/400000],lr=0.000232859,train_losses.avg=0.124834307
[iter:179500/400000],lr=0.000232859,train_losses.avg=0.125072762
[iter:179520/400000],lr=0.000232859,train_losses.avg=0.125084981
[iter:179540/400000],lr=0.000232859,train_losses.avg=0.125829130
[iter:179560/400000],lr=0.000232859,train_losses.avg=0.125253171
[iter:179580/400000],lr=0.000232859,train_losses.avg=0.124839678
[iter:179600/400000],lr=0.000232859,train_losses.avg=0.124969326
[iter:179620/400000],lr=0.000232859,train_losses.avg=0.125490054
[iter:179640/400000],lr=0.000232859,train_losses.avg=0.125309795
[iter:179660/400000],lr=0.000232859,train_losses.avg=0.125214010
[iter:179680/400000],lr=0.000232859,train_losses.avg=0.126045242
[iter:179700/400000],lr=0.000232859,train_losses.avg=0.125881642
[iter:179720/400000],lr=0.000232859,train_losses.avg=0.125037655
[iter:179740/400000],lr=0.000232859,train_losses.avg=0.124934413
[iter:179760/400000],lr=0.000232859,train_losses.avg=0.124521010
[iter:179780/400000],lr=0.000232859,train_losses.avg=0.124795012
[iter:179800/400000],lr=0.000232858,train_losses.avg=0.125025183
[iter:179820/400000],lr=0.000232858,train_losses.avg=0.125011638
[iter:179840/400000],lr=0.000232858,train_losses.avg=0.125230998
[iter:179860/400000],lr=0.000232858,train_losses.avg=0.125169963
[iter:179880/400000],lr=0.000232858,train_losses.avg=0.124726467
[iter:179900/400000],lr=0.000232858,train_losses.avg=0.124494947
[iter:179920/400000],lr=0.000232858,train_losses.avg=0.124562189
[iter:179940/400000],lr=0.000232858,train_losses.avg=0.124494813
[iter:179960/400000],lr=0.000232858,train_losses.avg=0.124029033
[iter:179980/400000],lr=0.000232858,train_losses.avg=0.124101110
[iter:180000/400000],lr=0.000232858,train_losses.avg=0.123914003
[iter:180020/400000],lr=0.000232857,train_losses.avg=0.123713523
[iter:180040/400000],lr=0.000232857,train_losses.avg=0.123544961
[iter:180060/400000],lr=0.000232857,train_losses.avg=0.123525582
[iter:180080/400000],lr=0.000232857,train_losses.avg=0.123366937
[iter:180100/400000],lr=0.000232857,train_losses.avg=0.123451374
[iter:180120/400000],lr=0.000232857,train_losses.avg=0.123419642
[iter:180140/400000],lr=0.000232857,train_losses.avg=0.123381816
[iter:180160/400000],lr=0.000232857,train_losses.avg=0.123306476
[iter:180180/400000],lr=0.000232856,train_losses.avg=0.123174921
[iter:180200/400000],lr=0.000232856,train_losses.avg=0.123343356
[iter:180220/400000],lr=0.000232856,train_losses.avg=0.123262323
[iter:180240/400000],lr=0.000232856,train_losses.avg=0.122987799
[iter:180260/400000],lr=0.000232856,train_losses.avg=0.122923933
[iter:180280/400000],lr=0.000232856,train_losses.avg=0.122894675
[iter:180300/400000],lr=0.000232856,train_losses.avg=0.123000391
[iter:180320/400000],lr=0.000232855,train_losses.avg=0.123023890
[iter:180340/400000],lr=0.000232855,train_losses.avg=0.122965991
[iter:180360/400000],lr=0.000232855,train_losses.avg=0.122868165
[iter:180380/400000],lr=0.000232855,train_losses.avg=0.122686937
[iter:180400/400000],lr=0.000232855,train_losses.avg=0.122757301
[iter:180420/400000],lr=0.000232855,train_losses.avg=0.122912340
[iter:180440/400000],lr=0.000232855,train_losses.avg=0.123026989
[iter:180460/400000],lr=0.000232854,train_losses.avg=0.122966811
[iter:180480/400000],lr=0.000232854,train_losses.avg=0.122801229
[iter:180500/400000],lr=0.000232854,train_losses.avg=0.122725382
[iter:180520/400000],lr=0.000232854,train_losses.avg=0.122808605
[iter:180540/400000],lr=0.000232854,train_losses.avg=0.122840844
[iter:180560/400000],lr=0.000232853,train_losses.avg=0.122682251
[iter:180580/400000],lr=0.000232853,train_losses.avg=0.122594059
[iter:180600/400000],lr=0.000232853,train_losses.avg=0.122656986
[iter:180620/400000],lr=0.000232853,train_losses.avg=0.122622259
[iter:180640/400000],lr=0.000232853,train_losses.avg=0.122592777
[iter:180660/400000],lr=0.000232852,train_losses.avg=0.122657135
[iter:180680/400000],lr=0.000232852,train_losses.avg=0.122602627
[iter:180700/400000],lr=0.000232852,train_losses.avg=0.122522496
[iter:180720/400000],lr=0.000232852,train_losses.avg=0.122432329
[iter:180740/400000],lr=0.000232852,train_losses.avg=0.122432388
[iter:180760/400000],lr=0.000232851,train_losses.avg=0.122468039
[iter:180780/400000],lr=0.000232851,train_losses.avg=0.122555479
[iter:180800/400000],lr=0.000232851,train_losses.avg=0.122637205
[iter:180820/400000],lr=0.000232851,train_losses.avg=0.122557662
[iter:180840/400000],lr=0.000232851,train_losses.avg=0.122470334
SpectralAngleMapper reseted
Peak Signal Noise Ratio reseted
MRAE:0.12293291091918945, RMSE: 0.01651953160762787, PNSR:36.07650375366211, SAM: 0.036225657910108566, SID: nan
Saving to /work3/s212645/Spectral_Reconstruction/checkpoint/SNCWGANNoNoise/
 Iter[180856], Epoch[000027], learning rate : 0.000232850, Train MRAE: 0.122375019, Test MRAE: 0.122932911, Test RMSE: 0.016519532, Test PSNR: 36.076503754, SAM: 0.036225658, SID: nan 
[iter:180860/400000],lr=0.000232850,train_losses.avg=0.129870877
[iter:180880/400000],lr=0.000232850,train_losses.avg=0.123650089
[iter:180900/400000],lr=0.000232850,train_losses.avg=0.125589341
[iter:180920/400000],lr=0.000232850,train_losses.avg=0.125913456
[iter:180940/400000],lr=0.000232849,train_losses.avg=0.123812631
[iter:180960/400000],lr=0.000232849,train_losses.avg=0.120901771
[iter:180980/400000],lr=0.000232849,train_losses.avg=0.123199306
[iter:181000/400000],lr=0.000232849,train_losses.avg=0.123025924
[iter:181020/400000],lr=0.000232848,train_losses.avg=0.121573493
[iter:181040/400000],lr=0.000232848,train_losses.avg=0.121037029
[iter:181060/400000],lr=0.000232848,train_losses.avg=0.120452575
[iter:181080/400000],lr=0.000232848,train_losses.avg=0.120724231
[iter:181100/400000],lr=0.000232847,train_losses.avg=0.120732412
[iter:181120/400000],lr=0.000232847,train_losses.avg=0.120800838
[iter:181140/400000],lr=0.000232847,train_losses.avg=0.119998112
[iter:181160/400000],lr=0.000232847,train_losses.avg=0.119792484
[iter:181180/400000],lr=0.000232846,train_losses.avg=0.119895361
[iter:181200/400000],lr=0.000232846,train_losses.avg=0.119404458
[iter:181220/400000],lr=0.000232846,train_losses.avg=0.120098263
[iter:181240/400000],lr=0.000232845,train_losses.avg=0.119826958
[iter:181260/400000],lr=0.000232845,train_losses.avg=0.119725592
[iter:181280/400000],lr=0.000232845,train_losses.avg=0.119515538
[iter:181300/400000],lr=0.000232845,train_losses.avg=0.119453117
[iter:181320/400000],lr=0.000232844,train_losses.avg=0.119237088
[iter:181340/400000],lr=0.000232844,train_losses.avg=0.119700983
[iter:181360/400000],lr=0.000232844,train_losses.avg=0.119486421
[iter:181380/400000],lr=0.000232843,train_losses.avg=0.119288854
[iter:181400/400000],lr=0.000232843,train_losses.avg=0.119383812
[iter:181420/400000],lr=0.000232843,train_losses.avg=0.119154647
[iter:181440/400000],lr=0.000232842,train_losses.avg=0.119055711
[iter:181460/400000],lr=0.000232842,train_losses.avg=0.118950836
[iter:181480/400000],lr=0.000232842,train_losses.avg=0.119189546
[iter:181500/400000],lr=0.000232842,train_losses.avg=0.118963987
[iter:181520/400000],lr=0.000232841,train_losses.avg=0.119212672
[iter:181540/400000],lr=0.000232841,train_losses.avg=0.118751906
[iter:181560/400000],lr=0.000232841,train_losses.avg=0.118699014
[iter:181580/400000],lr=0.000232840,train_losses.avg=0.119348727
[iter:181600/400000],lr=0.000232840,train_losses.avg=0.119248696
[iter:181620/400000],lr=0.000232840,train_losses.avg=0.119419016
[iter:181640/400000],lr=0.000232839,train_losses.avg=0.119351089
[iter:181660/400000],lr=0.000232839,train_losses.avg=0.119703948
[iter:181680/400000],lr=0.000232839,train_losses.avg=0.119706161
[iter:181700/400000],lr=0.000232838,train_losses.avg=0.120164372
[iter:181720/400000],lr=0.000232838,train_losses.avg=0.120115846
[iter:181740/400000],lr=0.000232837,train_losses.avg=0.120143153
[iter:181760/400000],lr=0.000232837,train_losses.avg=0.120274492
[iter:181780/400000],lr=0.000232837,train_losses.avg=0.120288640
[iter:181800/400000],lr=0.000232836,train_losses.avg=0.120246112
[iter:181820/400000],lr=0.000232836,train_losses.avg=0.120174095
[iter:181840/400000],lr=0.000232836,train_losses.avg=0.120224021
[iter:181860/400000],lr=0.000232835,train_losses.avg=0.120229289
[iter:181880/400000],lr=0.000232835,train_losses.avg=0.120082557
[iter:181900/400000],lr=0.000232835,train_losses.avg=0.120369226
[iter:181920/400000],lr=0.000232834,train_losses.avg=0.120477766
[iter:181940/400000],lr=0.000232834,train_losses.avg=0.120373011
[iter:181960/400000],lr=0.000232833,train_losses.avg=0.120449923
[iter:181980/400000],lr=0.000232833,train_losses.avg=0.120289311
[iter:182000/400000],lr=0.000232833,train_losses.avg=0.120252371
[iter:182020/400000],lr=0.000232832,train_losses.avg=0.120332867
[iter:182040/400000],lr=0.000232832,train_losses.avg=0.120337322
[iter:182060/400000],lr=0.000232831,train_losses.avg=0.120303243
[iter:182080/400000],lr=0.000232831,train_losses.avg=0.120255217
[iter:182100/400000],lr=0.000232831,train_losses.avg=0.120151922
[iter:182120/400000],lr=0.000232830,train_losses.avg=0.120057061
[iter:182140/400000],lr=0.000232830,train_losses.avg=0.120061353
[iter:182160/400000],lr=0.000232829,train_losses.avg=0.119909286
[iter:182180/400000],lr=0.000232829,train_losses.avg=0.119967535
[iter:182200/400000],lr=0.000232829,train_losses.avg=0.119919032
[iter:182220/400000],lr=0.000232828,train_losses.avg=0.119771101
[iter:182240/400000],lr=0.000232828,train_losses.avg=0.119723745
[iter:182260/400000],lr=0.000232827,train_losses.avg=0.119855911
[iter:182280/400000],lr=0.000232827,train_losses.avg=0.120090358
[iter:182300/400000],lr=0.000232826,train_losses.avg=0.120094098
[iter:182320/400000],lr=0.000232826,train_losses.avg=0.120220877
[iter:182340/400000],lr=0.000232826,train_losses.avg=0.120233148
[iter:182360/400000],lr=0.000232825,train_losses.avg=0.120087914
[iter:182380/400000],lr=0.000232825,train_losses.avg=0.120102547
[iter:182400/400000],lr=0.000232824,train_losses.avg=0.120065026
[iter:182420/400000],lr=0.000232824,train_losses.avg=0.120046414
[iter:182440/400000],lr=0.000232823,train_losses.avg=0.120037742
SpectralAngleMapper reseted
Peak Signal Noise Ratio reseted
MRAE:0.10829848051071167, RMSE: 0.015674389898777008, PNSR:37.3801155090332, SAM: 0.03523150831460953, SID: nan
Saving to /work3/s212645/Spectral_Reconstruction/checkpoint/SNCWGANNoNoise/
 Iter[182456], Epoch[000028], learning rate : 0.000232823, Train MRAE: 0.120002002, Test MRAE: 0.108298481, Test RMSE: 0.015674390, Test PSNR: 37.380115509, SAM: 0.035231508, SID: nan 
[iter:182460/400000],lr=0.000232823,train_losses.avg=0.117864110
[iter:182480/400000],lr=0.000232822,train_losses.avg=0.121972047
[iter:182500/400000],lr=0.000232822,train_losses.avg=0.119503140
[iter:182520/400000],lr=0.000232821,train_losses.avg=0.121214725
[iter:182540/400000],lr=0.000232821,train_losses.avg=0.119960323
[iter:182560/400000],lr=0.000232821,train_losses.avg=0.121459611
[iter:182580/400000],lr=0.000232820,train_losses.avg=0.120609395
[iter:182600/400000],lr=0.000232820,train_losses.avg=0.120043837
[iter:182620/400000],lr=0.000232819,train_losses.avg=0.120090768
[iter:182640/400000],lr=0.000232819,train_losses.avg=0.121085525
[iter:182660/400000],lr=0.000232818,train_losses.avg=0.121961221
[iter:182680/400000],lr=0.000232818,train_losses.avg=0.121848501
[iter:182700/400000],lr=0.000232817,train_losses.avg=0.120898083
[iter:182720/400000],lr=0.000232817,train_losses.avg=0.120679446
[iter:182740/400000],lr=0.000232816,train_losses.avg=0.120568462
[iter:182760/400000],lr=0.000232816,train_losses.avg=0.120719083
[iter:182780/400000],lr=0.000232815,train_losses.avg=0.119809859
[iter:182800/400000],lr=0.000232815,train_losses.avg=0.120012648
[iter:182820/400000],lr=0.000232814,train_losses.avg=0.120221488
[iter:182840/400000],lr=0.000232814,train_losses.avg=0.119894996
[iter:182860/400000],lr=0.000232813,train_losses.avg=0.120060481
[iter:182880/400000],lr=0.000232813,train_losses.avg=0.119929492
[iter:182900/400000],lr=0.000232812,train_losses.avg=0.119949088
[iter:182920/400000],lr=0.000232812,train_losses.avg=0.119928509
[iter:182940/400000],lr=0.000232811,train_losses.avg=0.119825393
[iter:182960/400000],lr=0.000232811,train_losses.avg=0.120224468
[iter:182980/400000],lr=0.000232810,train_losses.avg=0.119992957
[iter:183000/400000],lr=0.000232809,train_losses.avg=0.120230518
[iter:183020/400000],lr=0.000232809,train_losses.avg=0.120755143
[iter:183040/400000],lr=0.000232808,train_losses.avg=0.120730415
[iter:183060/400000],lr=0.000232808,train_losses.avg=0.120715402
[iter:183080/400000],lr=0.000232807,train_losses.avg=0.120518640
[iter:183100/400000],lr=0.000232807,train_losses.avg=0.120358028
[iter:183120/400000],lr=0.000232806,train_losses.avg=0.120458908
[iter:183140/400000],lr=0.000232806,train_losses.avg=0.120182052
[iter:183160/400000],lr=0.000232805,train_losses.avg=0.120097443
[iter:183180/400000],lr=0.000232805,train_losses.avg=0.119920820
[iter:183200/400000],lr=0.000232804,train_losses.avg=0.120094486
[iter:183220/400000],lr=0.000232803,train_losses.avg=0.120194554
[iter:183240/400000],lr=0.000232803,train_losses.avg=0.120027035
[iter:183260/400000],lr=0.000232802,train_losses.avg=0.119890593
[iter:183280/400000],lr=0.000232802,train_losses.avg=0.120045654
[iter:183300/400000],lr=0.000232801,train_losses.avg=0.120065369
[iter:183320/400000],lr=0.000232801,train_losses.avg=0.120061882
[iter:183340/400000],lr=0.000232800,train_losses.avg=0.119985618
[iter:183360/400000],lr=0.000232799,train_losses.avg=0.119968943
[iter:183380/400000],lr=0.000232799,train_losses.avg=0.119832873
[iter:183400/400000],lr=0.000232798,train_losses.avg=0.119959444
[iter:183420/400000],lr=0.000232798,train_losses.avg=0.119944438
[iter:183440/400000],lr=0.000232797,train_losses.avg=0.119874448
[iter:183460/400000],lr=0.000232796,train_losses.avg=0.119815618
[iter:183480/400000],lr=0.000232796,train_losses.avg=0.119736061
[iter:183500/400000],lr=0.000232795,train_losses.avg=0.119760342
[iter:183520/400000],lr=0.000232795,train_losses.avg=0.119478785
[iter:183540/400000],lr=0.000232794,train_losses.avg=0.119556457
[iter:183560/400000],lr=0.000232793,train_losses.avg=0.119323418
[iter:183580/400000],lr=0.000232793,train_losses.avg=0.119417861
[iter:183600/400000],lr=0.000232792,train_losses.avg=0.119305059
[iter:183620/400000],lr=0.000232791,train_losses.avg=0.119350106
[iter:183640/400000],lr=0.000232791,train_losses.avg=0.119216911
[iter:183660/400000],lr=0.000232790,train_losses.avg=0.119315222
[iter:183680/400000],lr=0.000232790,train_losses.avg=0.119322956
[iter:183700/400000],lr=0.000232789,train_losses.avg=0.119441889
[iter:183720/400000],lr=0.000232788,train_losses.avg=0.119307101
[iter:183740/400000],lr=0.000232788,train_losses.avg=0.119355135
[iter:183760/400000],lr=0.000232787,train_losses.avg=0.119534448
[iter:183780/400000],lr=0.000232786,train_losses.avg=0.119532019
[iter:183800/400000],lr=0.000232786,train_losses.avg=0.119620405
[iter:183820/400000],lr=0.000232785,train_losses.avg=0.119552344
[iter:183840/400000],lr=0.000232784,train_losses.avg=0.119503506
[iter:183860/400000],lr=0.000232784,train_losses.avg=0.119507521
[iter:183880/400000],lr=0.000232783,train_losses.avg=0.119522564
[iter:183900/400000],lr=0.000232782,train_losses.avg=0.119415388
[iter:183920/400000],lr=0.000232782,train_losses.avg=0.119327247
[iter:183940/400000],lr=0.000232781,train_losses.avg=0.119207293
[iter:183960/400000],lr=0.000232780,train_losses.avg=0.119241357
[iter:183980/400000],lr=0.000232780,train_losses.avg=0.119254224
[iter:184000/400000],lr=0.000232779,train_losses.avg=0.119326100
[iter:184020/400000],lr=0.000232778,train_losses.avg=0.119647324
[iter:184040/400000],lr=0.000232778,train_losses.avg=0.119555153
SpectralAngleMapper reseted
Peak Signal Noise Ratio reseted
MRAE:0.10794777423143387, RMSE: 0.01497651170939207, PNSR:37.20451354980469, SAM: 0.03593890368938446, SID: nan
Saving to /work3/s212645/Spectral_Reconstruction/checkpoint/SNCWGANNoNoise/
net_0024epoch.pth  Removed. 
 Iter[184056], Epoch[000029], learning rate : 0.000232777, Train MRAE: 0.119476661, Test MRAE: 0.107947774, Test RMSE: 0.014976512, Test PSNR: 37.204513550, SAM: 0.035938904, SID: nan 
[iter:184060/400000],lr=0.000232777,train_losses.avg=0.166637540
[iter:184080/400000],lr=0.000232776,train_losses.avg=0.126162872
[iter:184100/400000],lr=0.000232776,train_losses.avg=0.124354951
[iter:184120/400000],lr=0.000232775,train_losses.avg=0.119412966
[iter:184140/400000],lr=0.000232774,train_losses.avg=0.119458951
[iter:184160/400000],lr=0.000232774,train_losses.avg=0.120135523
[iter:184180/400000],lr=0.000232773,train_losses.avg=0.116328262
[iter:184200/400000],lr=0.000232772,train_losses.avg=0.114945836
[iter:184220/400000],lr=0.000232771,train_losses.avg=0.116879985
[iter:184240/400000],lr=0.000232771,train_losses.avg=0.117012307
[iter:184260/400000],lr=0.000232770,train_losses.avg=0.116789535
[iter:184280/400000],lr=0.000232769,train_losses.avg=0.116230533
[iter:184300/400000],lr=0.000232769,train_losses.avg=0.116718240
[iter:184320/400000],lr=0.000232768,train_losses.avg=0.116970882
[iter:184340/400000],lr=0.000232767,train_losses.avg=0.116672516
[iter:184360/400000],lr=0.000232766,train_losses.avg=0.116944022
[iter:184380/400000],lr=0.000232766,train_losses.avg=0.117417172
[iter:184400/400000],lr=0.000232765,train_losses.avg=0.117961816
[iter:184420/400000],lr=0.000232764,train_losses.avg=0.118472196
[iter:184440/400000],lr=0.000232763,train_losses.avg=0.118437976
[iter:184460/400000],lr=0.000232763,train_losses.avg=0.117750995
[iter:184480/400000],lr=0.000232762,train_losses.avg=0.117731720
[iter:184500/400000],lr=0.000232761,train_losses.avg=0.117240213
[iter:184520/400000],lr=0.000232761,train_losses.avg=0.117093027
[iter:184540/400000],lr=0.000232760,train_losses.avg=0.116863318
[iter:184560/400000],lr=0.000232759,train_losses.avg=0.116711438
[iter:184580/400000],lr=0.000232758,train_losses.avg=0.117343038
[iter:184600/400000],lr=0.000232757,train_losses.avg=0.116868608
[iter:184620/400000],lr=0.000232757,train_losses.avg=0.116769925
[iter:184640/400000],lr=0.000232756,train_losses.avg=0.116567925
[iter:184660/400000],lr=0.000232755,train_losses.avg=0.116602868
[iter:184680/400000],lr=0.000232754,train_losses.avg=0.117137834
[iter:184700/400000],lr=0.000232754,train_losses.avg=0.117210872
[iter:184720/400000],lr=0.000232753,train_losses.avg=0.116804406
[iter:184740/400000],lr=0.000232752,train_losses.avg=0.116703346
[iter:184760/400000],lr=0.000232751,train_losses.avg=0.116610855
[iter:184780/400000],lr=0.000232750,train_losses.avg=0.116914153
[iter:184800/400000],lr=0.000232750,train_losses.avg=0.116733775
[iter:184820/400000],lr=0.000232749,train_losses.avg=0.116905563
[iter:184840/400000],lr=0.000232748,train_losses.avg=0.117252141
[iter:184860/400000],lr=0.000232747,train_losses.avg=0.117277540
[iter:184880/400000],lr=0.000232747,train_losses.avg=0.117381595
[iter:184900/400000],lr=0.000232746,train_losses.avg=0.117530681
[iter:184920/400000],lr=0.000232745,train_losses.avg=0.117992602
[iter:184940/400000],lr=0.000232744,train_losses.avg=0.118246645
[iter:184960/400000],lr=0.000232743,train_losses.avg=0.118070371
[iter:184980/400000],lr=0.000232742,train_losses.avg=0.118162543
[iter:185000/400000],lr=0.000232742,train_losses.avg=0.117874175
[iter:185020/400000],lr=0.000232741,train_losses.avg=0.117930666
[iter:185040/400000],lr=0.000232740,train_losses.avg=0.118439235
[iter:185060/400000],lr=0.000232739,train_losses.avg=0.118516475
[iter:185080/400000],lr=0.000232738,train_losses.avg=0.118676573
[iter:185100/400000],lr=0.000232737,train_losses.avg=0.118836015
[iter:185120/400000],lr=0.000232737,train_losses.avg=0.118800804
[iter:185140/400000],lr=0.000232736,train_losses.avg=0.118674882
[iter:185160/400000],lr=0.000232735,train_losses.avg=0.118610457
[iter:185180/400000],lr=0.000232734,train_losses.avg=0.118781701
[iter:185200/400000],lr=0.000232733,train_losses.avg=0.118928947
[iter:185220/400000],lr=0.000232732,train_losses.avg=0.118913203
[iter:185240/400000],lr=0.000232732,train_losses.avg=0.118903600
[iter:185260/400000],lr=0.000232731,train_losses.avg=0.118807793
[iter:185280/400000],lr=0.000232730,train_losses.avg=0.118642107
[iter:185300/400000],lr=0.000232729,train_losses.avg=0.118485369
[iter:185320/400000],lr=0.000232728,train_losses.avg=0.118437767
[iter:185340/400000],lr=0.000232727,train_losses.avg=0.118485086
[iter:185360/400000],lr=0.000232726,train_losses.avg=0.118554421
[iter:185380/400000],lr=0.000232726,train_losses.avg=0.118486308
[iter:185400/400000],lr=0.000232725,train_losses.avg=0.118416756
[iter:185420/400000],lr=0.000232724,train_losses.avg=0.118354380
[iter:185440/400000],lr=0.000232723,train_losses.avg=0.118255280
[iter:185460/400000],lr=0.000232722,train_losses.avg=0.118177198
[iter:185480/400000],lr=0.000232721,train_losses.avg=0.118228547
[iter:185500/400000],lr=0.000232720,train_losses.avg=0.118312635
[iter:185520/400000],lr=0.000232719,train_losses.avg=0.118350230
[iter:185540/400000],lr=0.000232718,train_losses.avg=0.118223019
[iter:185560/400000],lr=0.000232718,train_losses.avg=0.118245952
[iter:185580/400000],lr=0.000232717,train_losses.avg=0.118341327
[iter:185600/400000],lr=0.000232716,train_losses.avg=0.118237644
[iter:185620/400000],lr=0.000232715,train_losses.avg=0.118309937
[iter:185640/400000],lr=0.000232714,train_losses.avg=0.118397407
SpectralAngleMapper reseted
Peak Signal Noise Ratio reseted
MRAE:0.11241917312145233, RMSE: 0.015977315604686737, PNSR:36.40922927856445, SAM: 0.0354146733880043, SID: nan
Saving to /work3/s212645/Spectral_Reconstruction/checkpoint/SNCWGANNoNoise/
net_0025epoch.pth  Removed. 
 Iter[185656], Epoch[000030], learning rate : 0.000232713, Train MRAE: 0.118426643, Test MRAE: 0.112419173, Test RMSE: 0.015977316, Test PSNR: 36.409229279, SAM: 0.035414673, SID: nan 
[iter:185660/400000],lr=0.000232713,train_losses.avg=0.156726539
[iter:185680/400000],lr=0.000232712,train_losses.avg=0.118225954
[iter:185700/400000],lr=0.000232711,train_losses.avg=0.114877716
[iter:185720/400000],lr=0.000232710,train_losses.avg=0.116652004
[iter:185740/400000],lr=0.000232709,train_losses.avg=0.117684469
[iter:185760/400000],lr=0.000232708,train_losses.avg=0.116619594
[iter:185780/400000],lr=0.000232707,train_losses.avg=0.118191876
[iter:185800/400000],lr=0.000232706,train_losses.avg=0.117497765
[iter:185820/400000],lr=0.000232706,train_losses.avg=0.119230740
[iter:185840/400000],lr=0.000232705,train_losses.avg=0.120620094
[iter:185860/400000],lr=0.000232704,train_losses.avg=0.120273240
[iter:185880/400000],lr=0.000232703,train_losses.avg=0.120517515
[iter:185900/400000],lr=0.000232702,train_losses.avg=0.121418558
[iter:185920/400000],lr=0.000232701,train_losses.avg=0.121322393
[iter:185940/400000],lr=0.000232700,train_losses.avg=0.120815970
[iter:185960/400000],lr=0.000232699,train_losses.avg=0.120340914
[iter:185980/400000],lr=0.000232698,train_losses.avg=0.120450161
[iter:186000/400000],lr=0.000232697,train_losses.avg=0.120157622
[iter:186020/400000],lr=0.000232696,train_losses.avg=0.119490460
[iter:186040/400000],lr=0.000232695,train_losses.avg=0.119310111
[iter:186060/400000],lr=0.000232694,train_losses.avg=0.119314693
[iter:186080/400000],lr=0.000232693,train_losses.avg=0.119373344
[iter:186100/400000],lr=0.000232692,train_losses.avg=0.119202070
[iter:186120/400000],lr=0.000232691,train_losses.avg=0.119504511
[iter:186140/400000],lr=0.000232690,train_losses.avg=0.119408458
[iter:186160/400000],lr=0.000232689,train_losses.avg=0.119331874
[iter:186180/400000],lr=0.000232688,train_losses.avg=0.118945606
[iter:186200/400000],lr=0.000232687,train_losses.avg=0.118506223
[iter:186220/400000],lr=0.000232686,train_losses.avg=0.118378341
[iter:186240/400000],lr=0.000232685,train_losses.avg=0.118467785
[iter:186260/400000],lr=0.000232684,train_losses.avg=0.118658960
[iter:186280/400000],lr=0.000232683,train_losses.avg=0.118558861
[iter:186300/400000],lr=0.000232682,train_losses.avg=0.118435569
[iter:186320/400000],lr=0.000232681,train_losses.avg=0.118574739
[iter:186340/400000],lr=0.000232680,train_losses.avg=0.118521452
[iter:186360/400000],lr=0.000232679,train_losses.avg=0.118474759
[iter:186380/400000],lr=0.000232678,train_losses.avg=0.118493430
[iter:186400/400000],lr=0.000232677,train_losses.avg=0.118246265
[iter:186420/400000],lr=0.000232676,train_losses.avg=0.118130527
[iter:186440/400000],lr=0.000232675,train_losses.avg=0.118125252
[iter:186460/400000],lr=0.000232674,train_losses.avg=0.118327901
[iter:186480/400000],lr=0.000232673,train_losses.avg=0.118137158
[iter:186500/400000],lr=0.000232672,train_losses.avg=0.118023880
[iter:186520/400000],lr=0.000232671,train_losses.avg=0.118051678
[iter:186540/400000],lr=0.000232670,train_losses.avg=0.118074842
[iter:186560/400000],lr=0.000232669,train_losses.avg=0.117852814
[iter:186580/400000],lr=0.000232668,train_losses.avg=0.117818877
[iter:186600/400000],lr=0.000232667,train_losses.avg=0.117793292
[iter:186620/400000],lr=0.000232666,train_losses.avg=0.117526889
[iter:186640/400000],lr=0.000232665,train_losses.avg=0.117634587
[iter:186660/400000],lr=0.000232664,train_losses.avg=0.117711149
[iter:186680/400000],lr=0.000232663,train_losses.avg=0.117854133
[iter:186700/400000],lr=0.000232662,train_losses.avg=0.117860034
[iter:186720/400000],lr=0.000232660,train_losses.avg=0.117926389
[iter:186740/400000],lr=0.000232659,train_losses.avg=0.117828012
[iter:186760/400000],lr=0.000232658,train_losses.avg=0.117956355
[iter:186780/400000],lr=0.000232657,train_losses.avg=0.118268579
[iter:186800/400000],lr=0.000232656,train_losses.avg=0.118163168
[iter:186820/400000],lr=0.000232655,train_losses.avg=0.118168615
[iter:186840/400000],lr=0.000232654,train_losses.avg=0.118009530
[iter:186860/400000],lr=0.000232653,train_losses.avg=0.117812008
[iter:186880/400000],lr=0.000232652,train_losses.avg=0.117794335
[iter:186900/400000],lr=0.000232651,train_losses.avg=0.117702559
[iter:186920/400000],lr=0.000232650,train_losses.avg=0.117639169
[iter:186940/400000],lr=0.000232649,train_losses.avg=0.117568083
[iter:186960/400000],lr=0.000232647,train_losses.avg=0.117726296
[iter:186980/400000],lr=0.000232646,train_losses.avg=0.117849849
[iter:187000/400000],lr=0.000232645,train_losses.avg=0.117888860
[iter:187020/400000],lr=0.000232644,train_losses.avg=0.117755920
[iter:187040/400000],lr=0.000232643,train_losses.avg=0.117759369
[iter:187060/400000],lr=0.000232642,train_losses.avg=0.117928095
[iter:187080/400000],lr=0.000232641,train_losses.avg=0.117947921
[iter:187100/400000],lr=0.000232640,train_losses.avg=0.117755994
[iter:187120/400000],lr=0.000232639,train_losses.avg=0.117767341
[iter:187140/400000],lr=0.000232637,train_losses.avg=0.117737338
[iter:187160/400000],lr=0.000232636,train_losses.avg=0.117699549
[iter:187180/400000],lr=0.000232635,train_losses.avg=0.117745794
[iter:187200/400000],lr=0.000232634,train_losses.avg=0.117729552
[iter:187220/400000],lr=0.000232633,train_losses.avg=0.117631741
[iter:187240/400000],lr=0.000232632,train_losses.avg=0.117604591
SpectralAngleMapper reseted
Peak Signal Noise Ratio reseted
MRAE:0.11496151238679886, RMSE: 0.015721209347248077, PNSR:36.82643127441406, SAM: 0.035244420170784, SID: nan
Saving to /work3/s212645/Spectral_Reconstruction/checkpoint/SNCWGANNoNoise/
net_0026epoch.pth  Removed. 
 Iter[187256], Epoch[000031], learning rate : 0.000232631, Train MRAE: 0.117422931, Test MRAE: 0.114961512, Test RMSE: 0.015721209, Test PSNR: 36.826431274, SAM: 0.035244420, SID: nan 
[iter:187260/400000],lr=0.000232631,train_losses.avg=0.145990223
[iter:187280/400000],lr=0.000232629,train_losses.avg=0.121403739
[iter:187300/400000],lr=0.000232628,train_losses.avg=0.121670380
[iter:187320/400000],lr=0.000232627,train_losses.avg=0.121703677
[iter:187340/400000],lr=0.000232626,train_losses.avg=0.120362692
[iter:187360/400000],lr=0.000232625,train_losses.avg=0.117251083
[iter:187380/400000],lr=0.000232624,train_losses.avg=0.116426088
[iter:187400/400000],lr=0.000232623,train_losses.avg=0.114987239
[iter:187420/400000],lr=0.000232621,train_losses.avg=0.116450354
[iter:187440/400000],lr=0.000232620,train_losses.avg=0.117770404
[iter:187460/400000],lr=0.000232619,train_losses.avg=0.117083997
[iter:187480/400000],lr=0.000232618,train_losses.avg=0.115595222
[iter:187500/400000],lr=0.000232617,train_losses.avg=0.115212724
[iter:187520/400000],lr=0.000232615,train_losses.avg=0.115775041
[iter:187540/400000],lr=0.000232614,train_losses.avg=0.116198823
[iter:187560/400000],lr=0.000232613,train_losses.avg=0.116000101
[iter:187580/400000],lr=0.000232612,train_losses.avg=0.116011761
[iter:187600/400000],lr=0.000232611,train_losses.avg=0.116338782
[iter:187620/400000],lr=0.000232610,train_losses.avg=0.115981773
[iter:187640/400000],lr=0.000232608,train_losses.avg=0.115737341
[iter:187660/400000],lr=0.000232607,train_losses.avg=0.115868829
[iter:187680/400000],lr=0.000232606,train_losses.avg=0.115764700
[iter:187700/400000],lr=0.000232605,train_losses.avg=0.115922160
[iter:187720/400000],lr=0.000232604,train_losses.avg=0.116065025
[iter:187740/400000],lr=0.000232602,train_losses.avg=0.116090983
[iter:187760/400000],lr=0.000232601,train_losses.avg=0.115866020
[iter:187780/400000],lr=0.000232600,train_losses.avg=0.116257645
[iter:187800/400000],lr=0.000232599,train_losses.avg=0.116745025
[iter:187820/400000],lr=0.000232597,train_losses.avg=0.116879396
[iter:187840/400000],lr=0.000232596,train_losses.avg=0.117192358
[iter:187860/400000],lr=0.000232595,train_losses.avg=0.116893552
[iter:187880/400000],lr=0.000232594,train_losses.avg=0.116986632
[iter:187900/400000],lr=0.000232593,train_losses.avg=0.116796009
[iter:187920/400000],lr=0.000232591,train_losses.avg=0.116924822
[iter:187940/400000],lr=0.000232590,train_losses.avg=0.117073648
[iter:187960/400000],lr=0.000232589,train_losses.avg=0.116831407
[iter:187980/400000],lr=0.000232588,train_losses.avg=0.116531312
[iter:188000/400000],lr=0.000232586,train_losses.avg=0.116431817
[iter:188020/400000],lr=0.000232585,train_losses.avg=0.116254590
[iter:188040/400000],lr=0.000232584,train_losses.avg=0.116473712
[iter:188060/400000],lr=0.000232583,train_losses.avg=0.116573818
[iter:188080/400000],lr=0.000232581,train_losses.avg=0.116684198
[iter:188100/400000],lr=0.000232580,train_losses.avg=0.116783299
[iter:188120/400000],lr=0.000232579,train_losses.avg=0.116590656
[iter:188140/400000],lr=0.000232578,train_losses.avg=0.116434187
[iter:188160/400000],lr=0.000232576,train_losses.avg=0.116427228
[iter:188180/400000],lr=0.000232575,train_losses.avg=0.116330653
[iter:188200/400000],lr=0.000232574,train_losses.avg=0.116171822
[iter:188220/400000],lr=0.000232572,train_losses.avg=0.116363958
[iter:188240/400000],lr=0.000232571,train_losses.avg=0.116459168
[iter:188260/400000],lr=0.000232570,train_losses.avg=0.116422638
[iter:188280/400000],lr=0.000232569,train_losses.avg=0.116403177
[iter:188300/400000],lr=0.000232567,train_losses.avg=0.116366088
[iter:188320/400000],lr=0.000232566,train_losses.avg=0.116493143
[iter:188340/400000],lr=0.000232565,train_losses.avg=0.116360277
[iter:188360/400000],lr=0.000232563,train_losses.avg=0.116423815
[iter:188380/400000],lr=0.000232562,train_losses.avg=0.116480611
[iter:188400/400000],lr=0.000232561,train_losses.avg=0.116466172
[iter:188420/400000],lr=0.000232559,train_losses.avg=0.116390206
[iter:188440/400000],lr=0.000232558,train_losses.avg=0.116424344
[iter:188460/400000],lr=0.000232557,train_losses.avg=0.116337135
[iter:188480/400000],lr=0.000232556,train_losses.avg=0.116358057
[iter:188500/400000],lr=0.000232554,train_losses.avg=0.116247207
[iter:188520/400000],lr=0.000232553,train_losses.avg=0.116258323
[iter:188540/400000],lr=0.000232552,train_losses.avg=0.116301998
[iter:188560/400000],lr=0.000232550,train_losses.avg=0.116169266
[iter:188580/400000],lr=0.000232549,train_losses.avg=0.116399907
[iter:188600/400000],lr=0.000232548,train_losses.avg=0.116265424
[iter:188620/400000],lr=0.000232546,train_losses.avg=0.116242371
[iter:188640/400000],lr=0.000232545,train_losses.avg=0.116096117
[iter:188660/400000],lr=0.000232544,train_losses.avg=0.116096906
[iter:188680/400000],lr=0.000232542,train_losses.avg=0.116198398
[iter:188700/400000],lr=0.000232541,train_losses.avg=0.116198637
[iter:188720/400000],lr=0.000232539,train_losses.avg=0.116130494
[iter:188740/400000],lr=0.000232538,train_losses.avg=0.116067253
[iter:188760/400000],lr=0.000232537,train_losses.avg=0.116179198
[iter:188780/400000],lr=0.000232535,train_losses.avg=0.116105430
[iter:188800/400000],lr=0.000232534,train_losses.avg=0.116110824
[iter:188820/400000],lr=0.000232533,train_losses.avg=0.116174378
[iter:188840/400000],lr=0.000232531,train_losses.avg=0.116216235
SpectralAngleMapper reseted
Peak Signal Noise Ratio reseted
MRAE:0.11663670092821121, RMSE: 0.015393019653856754, PNSR:36.848690032958984, SAM: 0.036589935421943665, SID: nan
Saving to /work3/s212645/Spectral_Reconstruction/checkpoint/SNCWGANNoNoise/
net_0027epoch.pth  Removed. 
 Iter[188856], Epoch[000032], learning rate : 0.000232530, Train MRAE: 0.116333298, Test MRAE: 0.116636701, Test RMSE: 0.015393020, Test PSNR: 36.848690033, SAM: 0.036589935, SID: nan 
[iter:188860/400000],lr=0.000232530,train_losses.avg=0.120793290
[iter:188880/400000],lr=0.000232529,train_losses.avg=0.103486329
[iter:188900/400000],lr=0.000232527,train_losses.avg=0.110393927
[iter:188920/400000],lr=0.000232526,train_losses.avg=0.112896815
[iter:188940/400000],lr=0.000232524,train_losses.avg=0.112606242
[iter:188960/400000],lr=0.000232523,train_losses.avg=0.113283567
[iter:188980/400000],lr=0.000232522,train_losses.avg=0.113167316
[iter:189000/400000],lr=0.000232520,train_losses.avg=0.112365976
[iter:189020/400000],lr=0.000232519,train_losses.avg=0.112619780
[iter:189040/400000],lr=0.000232517,train_losses.avg=0.112216838
[iter:189060/400000],lr=0.000232516,train_losses.avg=0.112986550
[iter:189080/400000],lr=0.000232515,train_losses.avg=0.113276422
[iter:189100/400000],lr=0.000232513,train_losses.avg=0.113532707
[iter:189120/400000],lr=0.000232512,train_losses.avg=0.113936312
[iter:189140/400000],lr=0.000232510,train_losses.avg=0.113618940
[iter:189160/400000],lr=0.000232509,train_losses.avg=0.114308618
[iter:189180/400000],lr=0.000232508,train_losses.avg=0.114534922
[iter:189200/400000],lr=0.000232506,train_losses.avg=0.114222527
[iter:189220/400000],lr=0.000232505,train_losses.avg=0.114221081
[iter:189240/400000],lr=0.000232503,train_losses.avg=0.114502363
[iter:189260/400000],lr=0.000232502,train_losses.avg=0.114234835
[iter:189280/400000],lr=0.000232501,train_losses.avg=0.114718206
[iter:189300/400000],lr=0.000232499,train_losses.avg=0.114673644
[iter:189320/400000],lr=0.000232498,train_losses.avg=0.114714712
[iter:189340/400000],lr=0.000232496,train_losses.avg=0.115051396
[iter:189360/400000],lr=0.000232495,train_losses.avg=0.115025394
[iter:189380/400000],lr=0.000232493,train_losses.avg=0.115140580
[iter:189400/400000],lr=0.000232492,train_losses.avg=0.115508564
[iter:189420/400000],lr=0.000232490,train_losses.avg=0.115374066
[iter:189440/400000],lr=0.000232489,train_losses.avg=0.115923084
[iter:189460/400000],lr=0.000232488,train_losses.avg=0.115802549
[iter:189480/400000],lr=0.000232486,train_losses.avg=0.115869544
[iter:189500/400000],lr=0.000232485,train_losses.avg=0.115785673
[iter:189520/400000],lr=0.000232483,train_losses.avg=0.115767598
[iter:189540/400000],lr=0.000232482,train_losses.avg=0.115862153
[iter:189560/400000],lr=0.000232480,train_losses.avg=0.116039082
[iter:189580/400000],lr=0.000232479,train_losses.avg=0.115987532
[iter:189600/400000],lr=0.000232477,train_losses.avg=0.116018273
[iter:189620/400000],lr=0.000232476,train_losses.avg=0.115899861
[iter:189640/400000],lr=0.000232474,train_losses.avg=0.116141260
[iter:189660/400000],lr=0.000232473,train_losses.avg=0.115931548
[iter:189680/400000],lr=0.000232471,train_losses.avg=0.115854256
[iter:189700/400000],lr=0.000232470,train_losses.avg=0.115966827
[iter:189720/400000],lr=0.000232468,train_losses.avg=0.115961440
[iter:189740/400000],lr=0.000232467,train_losses.avg=0.115938745
[iter:189760/400000],lr=0.000232465,train_losses.avg=0.116026267
[iter:189780/400000],lr=0.000232464,train_losses.avg=0.116014637
[iter:189800/400000],lr=0.000232462,train_losses.avg=0.115954094
[iter:189820/400000],lr=0.000232461,train_losses.avg=0.116009481
[iter:189840/400000],lr=0.000232459,train_losses.avg=0.115960173
[iter:189860/400000],lr=0.000232458,train_losses.avg=0.116014309
[iter:189880/400000],lr=0.000232456,train_losses.avg=0.116035290
[iter:189900/400000],lr=0.000232455,train_losses.avg=0.115979560
[iter:189920/400000],lr=0.000232453,train_losses.avg=0.116193838
[iter:189940/400000],lr=0.000232452,train_losses.avg=0.116146296
[iter:189960/400000],lr=0.000232450,train_losses.avg=0.116169520
[iter:189980/400000],lr=0.000232449,train_losses.avg=0.116002068
[iter:190000/400000],lr=0.000232447,train_losses.avg=0.115816891
[iter:190020/400000],lr=0.000232446,train_losses.avg=0.115726225
[iter:190040/400000],lr=0.000232444,train_losses.avg=0.115757510
[iter:190060/400000],lr=0.000232442,train_losses.avg=0.115746059
[iter:190080/400000],lr=0.000232441,train_losses.avg=0.115539491
[iter:190100/400000],lr=0.000232439,train_losses.avg=0.115684859
[iter:190120/400000],lr=0.000232438,train_losses.avg=0.115708910
[iter:190140/400000],lr=0.000232436,train_losses.avg=0.115650401
[iter:190160/400000],lr=0.000232435,train_losses.avg=0.115572393
[iter:190180/400000],lr=0.000232433,train_losses.avg=0.115650646
