Sat Nov 18 10:20:44 2023       
+---------------------------------------------------------------------------------------+
| NVIDIA-SMI 535.104.12             Driver Version: 535.104.12   CUDA Version: 12.2     |
|-----------------------------------------+----------------------+----------------------+
| GPU  Name                 Persistence-M | Bus-Id        Disp.A | Volatile Uncorr. ECC |
| Fan  Temp   Perf          Pwr:Usage/Cap |         Memory-Usage | GPU-Util  Compute M. |
|                                         |                      |               MIG M. |
|=========================================+======================+======================|
|   0  NVIDIA A100 80GB PCIe          On  | 00000000:65:00.0 Off |                    0 |
| N/A   29C    P0              42W / 300W |      4MiB / 81920MiB |      0%   E. Process |
|                                         |                      |             Disabled |
+-----------------------------------------+----------------------+----------------------+
                                                                                         
+---------------------------------------------------------------------------------------+
| Processes:                                                                            |
|  GPU   GI   CI        PID   Type   Process name                            GPU Memory |
|        ID   ID                                                             Usage      |
|=======================================================================================|
|  No running processes found                                                           |
+---------------------------------------------------------------------------------------+
pretrained model loaded, iteration:  108834

loading dataset ...
finish:  001.mat
finish:  002.mat
finish:  003.mat
finish:  004.mat
finish:  005.mat
finish:  006.mat
finish:  007.mat
finish:  008.mat
finish:  009.mat
finish:  010.mat
finish:  011.mat
finish:  012.mat
finish:  013.mat
finish:  014.mat
finish:  015.mat
finish:  016.mat
finish:  017.mat
finish:  018.mat
finish:  019.mat
finish:  020.mat
finish:  021.mat
finish:  022.mat
finish:  023.mat
finish:  024.mat
finish:  025.mat
finish:  026.mat
finish:  027.mat
finish:  028.mat
finish:  029.mat
finish:  030.mat
finish:  031.mat
finish:  032.mat
finish:  033.mat
finish:  034.mat
finish:  035.mat
finish:  036.mat
finish:  037.mat
finish:  038.mat
finish:  039.mat
finish:  040.mat
finish:  041.mat
finish:  042.mat
finish:  043.mat
finish:  044.mat
finish:  045.mat
finish:  046.mat
finish:  047.mat
finish:  048.mat
finish:  049.mat
finish:  050.mat
finish:  051.mat
finish:  052.mat
finish:  053.mat
finish:  054.mat
finish:  055.mat
finish:  056.mat
finish:  057.mat
finish:  058.mat
finish:  059.mat
finish:  060.mat
finish:  061.mat
finish:  062.mat
finish:  063.mat
finish:  064.mat
finish:  065.mat
finish:  066.mat
finish:  067.mat
finish:  068.mat
finish:  069.mat
finish:  070.mat
finish:  071.mat
finish:  072.mat
finish:  073.mat
finish:  074.mat
finish:  075.mat
finish:  076.mat
finish:  077.mat
finish:  078.mat
finish:  079.mat
finish:  080.mat
finish:  081.mat
finish:  082.mat
finish:  083.mat
finish:  084.mat
finish:  085.mat
finish:  086.mat
finish:  087.mat
finish:  088.mat
finish:  089.mat
finish:  090.mat
finish:  091.mat
finish:  092.mat
finish:  093.mat
finish:  094.mat
finish:  095.mat
finish:  096.mat
finish:  097.mat
finish:  098.mat
finish:  099.mat
finish:  100.mat
finish:  101.mat
finish:  102.mat
finish:  103.mat
finish:  104.mat
finish:  105.mat
finish:  106.mat
finish:  107.mat
finish:  108.mat
finish:  109.mat
finish:  110.mat
finish:  111.mat
finish:  112.mat
finish:  113.mat
finish:  114.mat
finish:  115.mat
finish:  116.mat
finish:  117.mat
finish:  118.mat
finish:  119.mat
finish:  120.mat
finish:  121.mat
finish:  122.mat
finish:  123.mat
finish:  124.mat
finish:  125.mat
finish:  126.mat
finish:  127.mat
finish:  128.mat
finish:  129.mat
finish:  130.mat
finish:  131.mat
finish:  132.mat
finish:  133.mat
finish:  134.mat
finish:  135.mat
finish:  136.mat
finish:  137.mat
finish:  138.mat
finish:  139.mat
finish:  140.mat
finish:  141.mat
finish:  142.mat
finish:  143.mat
finish:  144.mat
finish:  145.mat
finish:  146.mat
finish:  147.mat
finish:  148.mat
finish:  149.mat
finish:  150.mat
finish:  151.mat
finish:  152.mat
finish:  153.mat
finish:  154.mat
finish:  155.mat
finish:  156.mat
finish:  157.mat
finish:  158.mat
finish:  159.mat
finish:  160.mat
finish:  161.mat
finish:  162.mat
finish:  163.mat
finish:  164.mat
finish:  165.mat
finish:  166.mat
finish:  167.mat
finish:  168.mat
finish:  169.mat
finish:  170.mat
finish:  171.mat
finish:  172.mat
finish:  173.mat
finish:  174.mat
finish:  175.mat
finish:  176.mat
finish:  177.mat
finish:  178.mat
finish:  179.mat
finish:  180.mat
finish:  181.mat
finish:  182.mat
finish:  183.mat
finish:  184.mat
finish:  185.mat
finish:  186.mat
finish:  187.mat
finish:  188.mat
finish:  189.mat
finish:  190.mat
finish:  191.mat
finish:  192.mat
finish:  193.mat
finish:  194.mat
finish:  195.mat
finish:  196.mat
finish:  197.mat
finish:  198.mat
finish:  199.mat
finish:  200.mat
finish:  201.mat
finish:  202.mat
finish:  203.mat
finish:  204.mat
finish:  205.mat
finish:  206.mat
finish:  207.mat
finish:  208.mat
finish:  209.mat
finish:  001.mat
finish:  002.mat
finish:  003.mat
finish:  004.mat
finish:  005.mat
finish:  006.mat
finish:  007.mat
finish:  008.mat
finish:  009.mat
finish:  010.mat
finish:  011.mat
finish:  012.mat
finish:  013.mat
finish:  014.mat
finish:  015.mat
finish:  016.mat
finish:  017.mat
finish:  018.mat
finish:  019.mat
finish:  020.mat
finish:  021.mat
finish:  022.mat
finish:  023.mat
finish:  024.mat
finish:  025.mat
finish:  026.mat
finish:  027.mat
finish:  028.mat
finish:  029.mat
finish:  030.mat
finish:  031.mat
finish:  032.mat
finish:  033.mat
finish:  034.mat
finish:  035.mat
finish:  036.mat
finish:  037.mat
finish:  038.mat
finish:  039.mat
finish:  040.mat
finish:  041.mat
finish:  042.mat
finish:  043.mat
finish:  044.mat
finish:  045.mat
finish:  046.mat
finish:  047.mat
finish:  048.mat
finish:  049.mat
finish:  050.mat
finish:  051.mat
finish:  052.mat
finish:  053.mat
finish:  054.mat
finish:  055.mat
finish:  056.mat
finish:  057.mat
finish:  058.mat
finish:  059.mat
finish:  060.mat
finish:  061.mat
finish:  062.mat
finish:  063.mat
finish:  064.mat
finish:  065.mat
finish:  066.mat
finish:  067.mat
finish:  068.mat
finish:  069.mat
finish:  070.mat
finish:  071.mat
finish:  072.mat
finish:  073.mat
finish:  074.mat
finish:  075.mat
finish:  076.mat
finish:  077.mat
finish:  078.mat
finish:  079.mat
finish:  080.mat
finish:  081.mat
finish:  082.mat
finish:  083.mat
finish:  084.mat
finish:  085.mat
finish:  086.mat
finish:  087.mat
finish:  088.mat
finish:  089.mat
finish:  090.mat
finish:  091.mat
finish:  092.mat
finish:  093.mat
finish:  094.mat
finish:  095.mat
finish:  096.mat
finish:  097.mat
finish:  098.mat
finish:  099.mat
finish:  100.mat
finish:  101.mat
finish:  102.mat
finish:  103.mat
finish:  104.mat
finish:  105.mat
finish:  106.mat
finish:  107.mat
finish:  108.mat
finish:  109.mat
finish:  110.mat
finish:  111.mat
finish:  112.mat
finish:  113.mat
finish:  114.mat
finish:  115.mat
finish:  116.mat
finish:  117.mat
finish:  118.mat
finish:  119.mat
finish:  120.mat
finish:  121.mat
finish:  122.mat
finish:  123.mat
finish:  124.mat
finish:  125.mat
finish:  126.mat
finish:  127.mat
finish:  128.mat
finish:  129.mat
finish:  130.mat
finish:  131.mat
finish:  132.mat
finish:  133.mat
finish:  134.mat
finish:  135.mat
finish:  136.mat
finish:  137.mat
finish:  138.mat
finish:  139.mat
finish:  140.mat
finish:  141.mat
finish:  142.mat
finish:  143.mat
finish:  144.mat
finish:  145.mat
finish:  146.mat
finish:  147.mat
finish:  148.mat
finish:  149.mat
finish:  150.mat
finish:  151.mat
finish:  152.mat
finish:  153.mat
finish:  154.mat
finish:  155.mat
finish:  156.mat
finish:  157.mat
finish:  158.mat
finish:  159.mat
finish:  160.mat
finish:  161.mat
finish:  162.mat
finish:  163.mat
finish:  164.mat
finish:  165.mat
finish:  166.mat
finish:  167.mat
finish:  168.mat
finish:  169.mat
finish:  170.mat
finish:  171.mat
finish:  172.mat
finish:  173.mat
finish:  174.mat
finish:  175.mat
finish:  176.mat
finish:  177.mat
finish:  178.mat
finish:  179.mat
finish:  180.mat
finish:  181.mat
finish:  182.mat
finish:  183.mat
finish:  184.mat
finish:  185.mat
finish:  186.mat
finish:  187.mat
finish:  188.mat
finish:  189.mat
finish:  190.mat
finish:  191.mat
finish:  192.mat
finish:  193.mat
finish:  194.mat
finish:  195.mat
finish:  196.mat
finish:  197.mat
finish:  198.mat
finish:  199.mat
finish:  200.mat
finish:  201.mat
finish:  202.mat
finish:  203.mat
finish:  204.mat
finish:  205.mat
finish:  206.mat
finish:  207.mat
finish:  208.mat
finish:  209.mat
finish:  210.mat
finish:  211.mat
finish:  212.mat
finish:  213.mat
finish:  214.mat
finish:  215.mat
finish:  216.mat
finish:  217.mat
finish:  218.mat
finish:  219.mat
finish:  220.mat
finish:  221.mat
finish:  222.mat
finish:  223.mat
finish:  224.mat
finish:  225.mat
finish:  226.mat
finish:  227.mat
finish:  228.mat
finish:  229.mat
finish:  230.mat
finish:  231.mat
finish:  232.mat
finish:  233.mat
finish:  234.mat
finish:  235.mat
finish:  236.mat
finish:  237.mat
finish:  238.mat
finish:  239.mat
finish:  240.mat
finish:  241.mat
finish:  242.mat
finish:  243.mat
finish:  244.mat
finish:  245.mat
finish:  246.mat
finish:  247.mat
finish:  248.mat
finish:  249.mat
finish:  250.mat
finish:  251.mat
finish:  252.mat
finish:  253.mat
finish:  254.mat
finish:  255.mat
finish:  256.mat
finish:  257.mat
finish:  258.mat
finish:  259.mat
finish:  260.mat
finish:  261.mat
finish:  262.mat
finish:  263.mat
finish:  264.mat
finish:  265.mat
finish:  266.mat
finish:  267.mat
finish:  268.mat
finish:  269.mat
finish:  270.mat
finish:  271.mat
finish:  272.mat
finish:  273.mat
finish:  274.mat
finish:  275.mat
finish:  276.mat
finish:  277.mat
finish:  278.mat
finish:  279.mat
finish:  280.mat
finish:  281.mat
finish:  282.mat
finish:  283.mat
finish:  284.mat
finish:  285.mat
finish:  286.mat
finish:  287.mat
finish:  288.mat
finish:  289.mat
finish:  290.mat
finish:  291.mat
finish:  292.mat
finish:  293.mat
finish:  294.mat
finish:  295.mat
finish:  296.mat
finish:  297.mat
finish:  298.mat
finish:  299.mat
finish:  300.mat
finish:  301.mat
finish:  302.mat
finish:  303.mat
finish:  304.mat
finish:  305.mat
finish:  306.mat
finish:  307.mat
finish:  308.mat
finish:  309.mat
finish:  310.mat
finish:  311.mat
finish:  312.mat
finish:  313.mat
finish:  314.mat
finish:  315.mat
finish:  316.mat
finish:  317.mat
finish:  318.mat
finish:  319.mat
finish:  320.mat
finish:  321.mat
finish:  322.mat
finish:  323.mat
finish:  324.mat
finish:  325.mat
finish:  326.mat
finish:  327.mat
finish:  328.mat
finish:  329.mat
finish:  330.mat
finish:  331.mat
finish:  332.mat
finish:  333.mat
finish:  334.mat
finish:  335.mat
finish:  336.mat
finish:  337.mat
finish:  338.mat
finish:  339.mat
finish:  340.mat
finish:  341.mat
finish:  342.mat
finish:  343.mat
finish:  344.mat
finish:  345.mat
finish:  346.mat
finish:  347.mat
finish:  348.mat
finish:  349.mat
finish:  350.mat
finish:  351.mat
finish:  352.mat
finish:  353.mat
finish:  354.mat
finish:  355.mat
finish:  356.mat
finish:  357.mat
finish:  358.mat
finish:  359.mat
finish:  360.mat
finish:  361.mat
finish:  362.mat
finish:  363.mat
finish:  364.mat
finish:  365.mat
finish:  366.mat
finish:  367.mat
finish:  368.mat
finish:  369.mat
finish:  370.mat
finish:  371.mat
finish:  372.mat
finish:  373.mat
finish:  374.mat
finish:  375.mat
finish:  376.mat
finish:  377.mat
finish:  378.mat
finish:  379.mat
finish:  380.mat
finish:  381.mat
finish:  382.mat
finish:  383.mat
finish:  384.mat
finish:  385.mat
finish:  386.mat
finish:  387.mat
finish:  388.mat
finish:  389.mat
finish:  390.mat
finish:  391.mat
finish:  392.mat
finish:  393.mat
finish:  394.mat
finish:  395.mat
finish:  396.mat
finish:  397.mat
finish:  398.mat
finish:  399.mat
finish:  400.mat
finish:  401.mat
finish:  402.mat
finish:  403.mat
finish:  404.mat
finish:  405.mat
finish:  406.mat
finish:  407.mat
finish:  408.mat
finish:  409.mat
finish:  410.mat
finish:  411.mat
finish:  412.mat
finish:  413.mat
finish:  414.mat
finish:  415.mat
finish:  416.mat
finish:  417.mat
finish:  418.mat
finish:  419.mat
finish:  420.mat
finish:  421.mat
finish:  422.mat
finish:  423.mat
finish:  424.mat
finish:  425.mat
finish:  426.mat
finish:  427.mat
finish:  428.mat
finish:  429.mat
finish:  430.mat
finish:  431.mat
finish:  432.mat
finish:  433.mat
finish:  434.mat
finish:  435.mat
finish:  436.mat
finish:  437.mat
finish:  438.mat
finish:  439.mat
finish:  440.mat
finish:  441.mat
finish:  442.mat
finish:  443.mat
finish:  444.mat
finish:  445.mat
finish:  446.mat
finish:  447.mat
finish:  448.mat
finish:  449.mat
finish:  450.mat
finish:  451.mat
finish:  452.mat
finish:  453.mat
finish:  454.mat
finish:  455.mat
finish:  456.mat
finish:  457.mat
finish:  458.mat
finish:  459.mat
finish:  460.mat
finish:  461.mat
finish:  462.mat
finish:  463.mat
finish:  464.mat
finish:  465.mat
finish:  466.mat
finish:  467.mat
finish:  468.mat
finish:  469.mat
finish:  470.mat
finish:  471.mat
finish:  472.mat
finish:  473.mat
finish:  474.mat
finish:  475.mat
finish:  476.mat
finish:  477.mat
finish:  478.mat
finish:  479.mat
finish:  480.mat
finish:  481.mat
finish:  482.mat
finish:  483.mat
finish:  484.mat
finish:  485.mat
finish:  486.mat
finish:  487.mat
finish:  488.mat
finish:  489.mat
finish:  490.mat
finish:  491.mat
finish:  492.mat
finish:  493.mat
finish:  494.mat
finish:  495.mat
finish:  496.mat
finish:  497.mat
finish:  498.mat
finish:  499.mat
finish:  500.mat
finish:  501.mat
finish:  502.mat
finish:  503.mat
finish:  504.mat
finish:  505.mat
finish:  506.mat
finish:  507.mat
finish:  508.mat
finish:  509.mat
finish:  510.mat
finish:  511.mat
finish:  512.mat
finish:  513.mat
finish:  514.mat
finish:  515.mat
finish:  516.mat
finish:  517.mat
finish:  518.mat
finish:  519.mat
finish:  520.mat
finish:  521.mat
finish:  522.mat
finish:  523.mat
finish:  524.mat
finish:  525.mat
finish:  526.mat
finish:  527.mat
finish:  528.mat
finish:  529.mat
finish:  530.mat
finish:  531.mat
finish:  532.mat
finish:  533.mat
finish:  534.mat
finish:  535.mat
finish:  536.mat
finish:  537.mat
finish:  538.mat
finish:  539.mat
finish:  540.mat
finish:  541.mat
finish:  542.mat
finish:  543.mat
finish:  544.mat
finish:  545.mat
finish:  546.mat
finish:  547.mat
finish:  548.mat
finish:  549.mat
finish:  550.mat
finish:  551.mat
finish:  552.mat
finish:  553.mat
finish:  554.mat
finish:  555.mat
finish:  556.mat
finish:  557.mat
finish:  558.mat
finish:  559.mat
finish:  560.mat
finish:  561.mat
finish:  562.mat
finish:  563.mat
finish:  564.mat
finish:  565.mat
finish:  566.mat
finish:  567.mat
finish:  568.mat
finish:  569.mat
finish:  570.mat
finish:  571.mat
finish:  572.mat
finish:  573.mat
finish:  574.mat
finish:  575.mat
finish:  576.mat
finish:  577.mat
finish:  578.mat
finish:  579.mat
finish:  580.mat
finish:  581.mat
finish:  582.mat
finish:  583.mat
finish:  584.mat
finish:  585.mat
finish:  586.mat
finish:  587.mat
finish:  588.mat
finish:  589.mat
finish:  590.mat
finish:  591.mat
finish:  592.mat
finish:  593.mat
finish:  594.mat
finish:  595.mat
finish:  596.mat
finish:  597.mat
finish:  598.mat
finish:  599.mat
finish:  600.mat
finish:  601.mat
finish:  602.mat
finish:  603.mat
finish:  604.mat
finish:  605.mat
finish:  606.mat
finish:  607.mat
finish:  608.mat
finish:  609.mat
finish:  610.mat
finish:  611.mat
finish:  612.mat
finish:  613.mat
finish:  614.mat
finish:  615.mat
finish:  616.mat
finish:  617.mat
finish:  618.mat
finish:  619.mat
finish:  620.mat
finish:  621.mat
finish:  622.mat
finish:  623.mat
finish:  624.mat
finish:  625.mat
finish:  626.mat
finish:  627.mat
finish:  628.mat
finish:  629.mat
finish:  630.mat
finish:  631.mat
finish:  632.mat
finish:  633.mat
finish:  634.mat
finish:  635.mat
finish:  636.mat
finish:  637.mat
finish:  638.mat
finish:  639.mat
finish:  640.mat
finish:  641.mat
finish:  642.mat
finish:  643.mat
finish:  644.mat
finish:  645.mat
finish:  646.mat
finish:  647.mat
finish:  648.mat
finish:  649.mat
finish:  650.mat
finish:  651.mat
finish:  652.mat
finish:  653.mat
finish:  654.mat
finish:  655.mat
finish:  656.mat
finish:  657.mat
finish:  658.mat
finish:  659.mat
finish:  660.mat
finish:  661.mat
finish:  662.mat
finish:  663.mat
finish:  664.mat
finish:  665.mat
finish:  666.mat
finish:  667.mat
finish:  668.mat
finish:  669.mat
finish:  670.mat
finish:  671.mat
finish:  672.mat
finish:  673.mat
finish:  674.mat
finish:  675.mat
finish:  676.mat
finish:  677.mat
finish:  678.mat
finish:  679.mat
finish:  680.mat
finish:  681.mat
finish:  682.mat
finish:  683.mat
finish:  684.mat
finish:  685.mat
finish:  686.mat
finish:  687.mat
finish:  688.mat
finish:  689.mat
finish:  690.mat
finish:  691.mat
finish:  692.mat
finish:  693.mat
finish:  694.mat
finish:  695.mat
finish:  696.mat
finish:  697.mat
finish:  698.mat
finish:  699.mat
finish:  700.mat
finish:  701.mat
finish:  702.mat
finish:  703.mat
finish:  704.mat
finish:  705.mat
finish:  706.mat
finish:  707.mat
finish:  708.mat
finish:  709.mat
finish:  710.mat
finish:  711.mat
finish:  712.mat
finish:  713.mat
finish:  714.mat
finish:  715.mat
finish:  716.mat
finish:  717.mat
finish:  718.mat
finish:  719.mat
finish:  720.mat
finish:  721.mat
finish:  722.mat
finish:  723.mat
finish:  724.mat
finish:  725.mat
finish:  726.mat
finish:  727.mat
finish:  728.mat
finish:  729.mat
finish:  730.mat
finish:  731.mat
finish:  732.mat
finish:  733.mat
finish:  734.mat
finish:  735.mat
finish:  736.mat
finish:  737.mat
finish:  738.mat
finish:  739.mat
finish:  740.mat
finish:  741.mat
finish:  742.mat
finish:  743.mat
finish:  744.mat
finish:  745.mat
finish:  746.mat
finish:  747.mat
finish:  748.mat
finish:  749.mat
finish:  750.mat
finish:  751.mat
finish:  752.mat
finish:  753.mat
finish:  754.mat
finish:  755.mat
finish:  756.mat
finish:  757.mat
finish:  758.mat
finish:  759.mat
finish:  760.mat
Iteration per epoch: 51218
finish:  210.mat
finish:  211.mat
finish:  212.mat
finish:  213.mat
finish:  214.mat
finish:  215.mat
finish:  216.mat
finish:  217.mat
finish:  218.mat
finish:  219.mat
finish:  220.mat
finish:  221.mat
finish:  222.mat
finish:  223.mat
finish:  224.mat
finish:  225.mat
finish:  226.mat
finish:  227.mat
finish:  228.mat
finish:  229.mat
finish:  230.mat
finish:  231.mat
finish:  232.mat
finish:  233.mat
finish:  234.mat
finish:  235.mat
finish:  761.mat
finish:  762.mat
finish:  763.mat
finish:  764.mat
finish:  765.mat
finish:  766.mat
finish:  767.mat
finish:  768.mat
finish:  769.mat
finish:  770.mat
finish:  771.mat
finish:  772.mat
finish:  773.mat
finish:  774.mat
finish:  775.mat
finish:  776.mat
finish:  777.mat
finish:  778.mat
finish:  779.mat
finish:  780.mat
finish:  781.mat
finish:  782.mat
finish:  783.mat
finish:  784.mat
finish:  785.mat
finish:  786.mat
finish:  787.mat
finish:  788.mat
finish:  789.mat
finish:  790.mat
finish:  791.mat
finish:  792.mat
finish:  793.mat
finish:  794.mat
finish:  795.mat
finish:  796.mat
finish:  797.mat
finish:  798.mat
finish:  799.mat
finish:  800.mat
finish:  801.mat
finish:  802.mat
finish:  803.mat
finish:  804.mat
finish:  805.mat
finish:  806.mat
finish:  807.mat
finish:  808.mat
finish:  809.mat
finish:  810.mat
finish:  811.mat
finish:  812.mat
finish:  813.mat
finish:  814.mat
finish:  815.mat
finish:  816.mat
finish:  817.mat
finish:  818.mat
finish:  819.mat
finish:  820.mat
finish:  821.mat
finish:  822.mat
finish:  823.mat
finish:  824.mat
finish:  825.mat
finish:  826.mat
finish:  827.mat
finish:  828.mat
finish:  829.mat
finish:  830.mat
finish:  831.mat
finish:  832.mat
finish:  833.mat
finish:  834.mat
finish:  835.mat
finish:  836.mat
finish:  837.mat
finish:  838.mat
finish:  839.mat
finish:  840.mat
finish:  841.mat
finish:  842.mat
finish:  843.mat
finish:  844.mat
finish:  845.mat
finish:  846.mat
finish:  847.mat
finish:  848.mat
finish:  849.mat
finish:  850.mat
finish:  851.mat
finish:  852.mat
finish:  853.mat
finish:  854.mat
finish:  855.mat
Validation set samples:  6441
finish:  236.mat
finish:  237.mat
finish:  238.mat
finish:  239.mat
finish:  240.mat
finish:  241.mat
finish:  242.mat
finish:  243.mat
finish:  244.mat
finish:  245.mat
finish:  246.mat
finish:  247.mat
finish:  248.mat
finish:  249.mat
finish:  250.mat
finish:  251.mat
finish:  252.mat
finish:  253.mat
finish:  254.mat
finish:  255.mat
finish:  256.mat
finish:  257.mat
finish:  258.mat
finish:  259.mat
finish:  260.mat
finish:  261.mat
finish:  856.mat
finish:  857.mat
finish:  858.mat
finish:  859.mat
finish:  860.mat
finish:  861.mat
finish:  862.mat
finish:  863.mat
finish:  864.mat
finish:  865.mat
finish:  866.mat
finish:  867.mat
finish:  868.mat
finish:  869.mat
finish:  870.mat
finish:  871.mat
finish:  872.mat
finish:  873.mat
finish:  874.mat
finish:  875.mat
finish:  876.mat
finish:  877.mat
finish:  878.mat
finish:  879.mat
finish:  880.mat
finish:  881.mat
finish:  882.mat
finish:  883.mat
finish:  884.mat
finish:  885.mat
finish:  886.mat
finish:  887.mat
finish:  888.mat
finish:  889.mat
finish:  890.mat
finish:  891.mat
finish:  892.mat
finish:  893.mat
finish:  894.mat
finish:  895.mat
finish:  896.mat
finish:  897.mat
finish:  898.mat
finish:  899.mat
finish:  900.mat
finish:  901.mat
finish:  902.mat
finish:  903.mat
finish:  904.mat
finish:  905.mat
finish:  906.mat
finish:  907.mat
finish:  908.mat
finish:  909.mat
finish:  910.mat
finish:  911.mat
finish:  912.mat
finish:  913.mat
finish:  914.mat
finish:  915.mat
finish:  916.mat
finish:  917.mat
finish:  918.mat
finish:  919.mat
finish:  920.mat
finish:  921.mat
finish:  922.mat
finish:  923.mat
finish:  924.mat
finish:  925.mat
finish:  926.mat
finish:  927.mat
finish:  928.mat
finish:  929.mat
finish:  930.mat
finish:  931.mat
finish:  932.mat
finish:  933.mat
finish:  934.mat
finish:  935.mat
finish:  936.mat
finish:  937.mat
finish:  938.mat
finish:  939.mat
finish:  940.mat
finish:  941.mat
finish:  942.mat
finish:  943.mat
finish:  944.mat
finish:  945.mat
finish:  946.mat
finish:  947.mat
finish:  948.mat
finish:  949.mat
finish:  950.mat
Validation set samples:  6441
[iter:108840/400000],lr=0.000331449,train_losses.avg=0.210872054
[iter:108860/400000],lr=0.000331449,train_losses.avg=0.181669697
[iter:108880/400000],lr=0.000331449,train_losses.avg=0.188454941
[iter:108900/400000],lr=0.000331449,train_losses.avg=0.187980011
[iter:108920/400000],lr=0.000331449,train_losses.avg=0.188672781
[iter:108940/400000],lr=0.000331449,train_losses.avg=0.189297244
[iter:108960/400000],lr=0.000331449,train_losses.avg=0.188741565
[iter:108980/400000],lr=0.000331449,train_losses.avg=0.189504892
[iter:109000/400000],lr=0.000331449,train_losses.avg=0.188628495
[iter:109020/400000],lr=0.000331448,train_losses.avg=0.190452144
[iter:109040/400000],lr=0.000331448,train_losses.avg=0.191909686
[iter:109060/400000],lr=0.000331448,train_losses.avg=0.191299438
[iter:109080/400000],lr=0.000331448,train_losses.avg=0.190807447
[iter:109100/400000],lr=0.000331448,train_losses.avg=0.188537866
[iter:109120/400000],lr=0.000331448,train_losses.avg=0.187974364
[iter:109140/400000],lr=0.000331448,train_losses.avg=0.187601492
[iter:109160/400000],lr=0.000331448,train_losses.avg=0.186684072
[iter:109180/400000],lr=0.000331448,train_losses.avg=0.186015323
[iter:109200/400000],lr=0.000331448,train_losses.avg=0.185240149
[iter:109220/400000],lr=0.000331448,train_losses.avg=0.184854418
[iter:109240/400000],lr=0.000331448,train_losses.avg=0.183810905
[iter:109260/400000],lr=0.000331448,train_losses.avg=0.183697641
[iter:109280/400000],lr=0.000331448,train_losses.avg=0.183432266
[iter:109300/400000],lr=0.000331448,train_losses.avg=0.183379561
[iter:109320/400000],lr=0.000331447,train_losses.avg=0.182711571
[iter:109340/400000],lr=0.000331447,train_losses.avg=0.182660744
[iter:109360/400000],lr=0.000331447,train_losses.avg=0.182222471
[iter:109380/400000],lr=0.000331447,train_losses.avg=0.182212800
[iter:109400/400000],lr=0.000331447,train_losses.avg=0.182022601
[iter:109420/400000],lr=0.000331447,train_losses.avg=0.182736993
[iter:109440/400000],lr=0.000331447,train_losses.avg=0.182765007
[iter:109460/400000],lr=0.000331447,train_losses.avg=0.182453260
[iter:109480/400000],lr=0.000331447,train_losses.avg=0.181929052
[iter:109500/400000],lr=0.000331446,train_losses.avg=0.182139352
[iter:109520/400000],lr=0.000331446,train_losses.avg=0.182273105
[iter:109540/400000],lr=0.000331446,train_losses.avg=0.182862997
[iter:109560/400000],lr=0.000331446,train_losses.avg=0.182841107
[iter:109580/400000],lr=0.000331446,train_losses.avg=0.182869315
[iter:109600/400000],lr=0.000331446,train_losses.avg=0.182786465
[iter:109620/400000],lr=0.000331446,train_losses.avg=0.182600752
[iter:109640/400000],lr=0.000331445,train_losses.avg=0.182260573
[iter:109660/400000],lr=0.000331445,train_losses.avg=0.182229593
[iter:109680/400000],lr=0.000331445,train_losses.avg=0.182393342
[iter:109700/400000],lr=0.000331445,train_losses.avg=0.182389632
[iter:109720/400000],lr=0.000331445,train_losses.avg=0.182258695
[iter:109740/400000],lr=0.000331444,train_losses.avg=0.182566062
[iter:109760/400000],lr=0.000331444,train_losses.avg=0.182763949
[iter:109780/400000],lr=0.000331444,train_losses.avg=0.182778552
[iter:109800/400000],lr=0.000331444,train_losses.avg=0.182533875
[iter:109820/400000],lr=0.000331444,train_losses.avg=0.182596460
[iter:109840/400000],lr=0.000331444,train_losses.avg=0.182364002
[iter:109860/400000],lr=0.000331443,train_losses.avg=0.182216316
[iter:109880/400000],lr=0.000331443,train_losses.avg=0.182174444
[iter:109900/400000],lr=0.000331443,train_losses.avg=0.182390511
[iter:109920/400000],lr=0.000331443,train_losses.avg=0.182612196
[iter:109940/400000],lr=0.000331442,train_losses.avg=0.182662889
[iter:109960/400000],lr=0.000331442,train_losses.avg=0.182416633
[iter:109980/400000],lr=0.000331442,train_losses.avg=0.182393104
[iter:110000/400000],lr=0.000331442,train_losses.avg=0.182544887
[iter:110020/400000],lr=0.000331442,train_losses.avg=0.182754859
[iter:110040/400000],lr=0.000331441,train_losses.avg=0.182915643
[iter:110060/400000],lr=0.000331441,train_losses.avg=0.183005735
[iter:110080/400000],lr=0.000331441,train_losses.avg=0.183236197
[iter:110100/400000],lr=0.000331441,train_losses.avg=0.183175310
[iter:110120/400000],lr=0.000331440,train_losses.avg=0.183284000
[iter:110140/400000],lr=0.000331440,train_losses.avg=0.183156997
[iter:110160/400000],lr=0.000331440,train_losses.avg=0.183071539
[iter:110180/400000],lr=0.000331439,train_losses.avg=0.183341771
[iter:110200/400000],lr=0.000331439,train_losses.avg=0.183080792
[iter:110220/400000],lr=0.000331439,train_losses.avg=0.182928696
[iter:110240/400000],lr=0.000331439,train_losses.avg=0.182993963
[iter:110260/400000],lr=0.000331438,train_losses.avg=0.182982311
[iter:110280/400000],lr=0.000331438,train_losses.avg=0.183089405
[iter:110300/400000],lr=0.000331438,train_losses.avg=0.182861656
[iter:110320/400000],lr=0.000331437,train_losses.avg=0.182973236
[iter:110340/400000],lr=0.000331437,train_losses.avg=0.183104217
[iter:110360/400000],lr=0.000331437,train_losses.avg=0.183428362
[iter:110380/400000],lr=0.000331437,train_losses.avg=0.183696017
[iter:110400/400000],lr=0.000331436,train_losses.avg=0.183674619
[iter:110420/400000],lr=0.000331436,train_losses.avg=0.183566585
[iter:110440/400000],lr=0.000331436,train_losses.avg=0.183599800
[iter:110460/400000],lr=0.000331435,train_losses.avg=0.183854952
[iter:110480/400000],lr=0.000331435,train_losses.avg=0.183742300
[iter:110500/400000],lr=0.000331435,train_losses.avg=0.183890402
[iter:110520/400000],lr=0.000331434,train_losses.avg=0.183864936
[iter:110540/400000],lr=0.000331434,train_losses.avg=0.183777794
[iter:110560/400000],lr=0.000331434,train_losses.avg=0.183619961
[iter:110580/400000],lr=0.000331433,train_losses.avg=0.183678597
[iter:110600/400000],lr=0.000331433,train_losses.avg=0.183430895
[iter:110620/400000],lr=0.000331432,train_losses.avg=0.183247179
[iter:110640/400000],lr=0.000331432,train_losses.avg=0.183213770
[iter:110660/400000],lr=0.000331432,train_losses.avg=0.183008641
[iter:110680/400000],lr=0.000331431,train_losses.avg=0.183067188
[iter:110700/400000],lr=0.000331431,train_losses.avg=0.183250502
[iter:110720/400000],lr=0.000331431,train_losses.avg=0.183233887
[iter:110740/400000],lr=0.000331430,train_losses.avg=0.183375880
[iter:110760/400000],lr=0.000331430,train_losses.avg=0.183315113
[iter:110780/400000],lr=0.000331429,train_losses.avg=0.183397740
[iter:110800/400000],lr=0.000331429,train_losses.avg=0.183333993
[iter:110820/400000],lr=0.000331429,train_losses.avg=0.183486268
[iter:110840/400000],lr=0.000331428,train_losses.avg=0.183546379
[iter:110860/400000],lr=0.000331428,train_losses.avg=0.183638036
[iter:110880/400000],lr=0.000331427,train_losses.avg=0.183640897
[iter:110900/400000],lr=0.000331427,train_losses.avg=0.183841333
[iter:110920/400000],lr=0.000331427,train_losses.avg=0.183992073
[iter:110940/400000],lr=0.000331426,train_losses.avg=0.184123024
[iter:110960/400000],lr=0.000331426,train_losses.avg=0.184164897
[iter:110980/400000],lr=0.000331425,train_losses.avg=0.184158891
[iter:111000/400000],lr=0.000331425,train_losses.avg=0.184037164
[iter:111020/400000],lr=0.000331424,train_losses.avg=0.183935732
[iter:111040/400000],lr=0.000331424,train_losses.avg=0.183874443
[iter:111060/400000],lr=0.000331423,train_losses.avg=0.183901191
[iter:111080/400000],lr=0.000331423,train_losses.avg=0.183924198
[iter:111100/400000],lr=0.000331423,train_losses.avg=0.184008807
[iter:111120/400000],lr=0.000331422,train_losses.avg=0.183942184
[iter:111140/400000],lr=0.000331422,train_losses.avg=0.183769196
[iter:111160/400000],lr=0.000331421,train_losses.avg=0.183615237
[iter:111180/400000],lr=0.000331421,train_losses.avg=0.183669940
[iter:111200/400000],lr=0.000331420,train_losses.avg=0.183659196
[iter:111220/400000],lr=0.000331420,train_losses.avg=0.183710188
[iter:111240/400000],lr=0.000331419,train_losses.avg=0.183867946
[iter:111260/400000],lr=0.000331419,train_losses.avg=0.183783844
[iter:111280/400000],lr=0.000331418,train_losses.avg=0.183723703
[iter:111300/400000],lr=0.000331418,train_losses.avg=0.183847055
[iter:111320/400000],lr=0.000331417,train_losses.avg=0.183913589
[iter:111340/400000],lr=0.000331417,train_losses.avg=0.183827743
[iter:111360/400000],lr=0.000331416,train_losses.avg=0.183785051
[iter:111380/400000],lr=0.000331416,train_losses.avg=0.183775038
[iter:111400/400000],lr=0.000331415,train_losses.avg=0.183753207
[iter:111420/400000],lr=0.000331415,train_losses.avg=0.183854222
[iter:111440/400000],lr=0.000331414,train_losses.avg=0.183711246
[iter:111460/400000],lr=0.000331414,train_losses.avg=0.183653787
[iter:111480/400000],lr=0.000331413,train_losses.avg=0.183638975
[iter:111500/400000],lr=0.000331412,train_losses.avg=0.183510378
[iter:111520/400000],lr=0.000331412,train_losses.avg=0.183464363
[iter:111540/400000],lr=0.000331411,train_losses.avg=0.183404684
[iter:111560/400000],lr=0.000331411,train_losses.avg=0.183322221
[iter:111580/400000],lr=0.000331410,train_losses.avg=0.183362693
[iter:111600/400000],lr=0.000331410,train_losses.avg=0.183474943
[iter:111620/400000],lr=0.000331409,train_losses.avg=0.183528155
[iter:111640/400000],lr=0.000331409,train_losses.avg=0.183566913
[iter:111660/400000],lr=0.000331408,train_losses.avg=0.183739915
[iter:111680/400000],lr=0.000331407,train_losses.avg=0.183740929
[iter:111700/400000],lr=0.000331407,train_losses.avg=0.183750167
[iter:111720/400000],lr=0.000331406,train_losses.avg=0.183733433
[iter:111740/400000],lr=0.000331406,train_losses.avg=0.183674455
[iter:111760/400000],lr=0.000331405,train_losses.avg=0.183777928
[iter:111780/400000],lr=0.000331404,train_losses.avg=0.183812022
[iter:111800/400000],lr=0.000331404,train_losses.avg=0.183745340
[iter:111820/400000],lr=0.000331403,train_losses.avg=0.183706880
[iter:111840/400000],lr=0.000331403,train_losses.avg=0.183665738
[iter:111860/400000],lr=0.000331402,train_losses.avg=0.183644161
[iter:111880/400000],lr=0.000331401,train_losses.avg=0.183796272
[iter:111900/400000],lr=0.000331401,train_losses.avg=0.183703825
[iter:111920/400000],lr=0.000331400,train_losses.avg=0.183711559
[iter:111940/400000],lr=0.000331400,train_losses.avg=0.183820128
[iter:111960/400000],lr=0.000331399,train_losses.avg=0.183960736
[iter:111980/400000],lr=0.000331398,train_losses.avg=0.184123188
[iter:112000/400000],lr=0.000331398,train_losses.avg=0.184054643
[iter:112020/400000],lr=0.000331397,train_losses.avg=0.184152186
SpectralAngleMapper reseted
Peak Signal Noise Ratio reseted
MRAE:0.159758523106575, RMSE: 0.021984418854117393, PNSR:32.05924987792969, SAM: 0.06676775962114334, SID: nan
Saving to /work3/s212645/Spectral_Reconstruction/checkpoint/SNCWGANDenseNet/
 Iter[112035], Epoch[000016], learning rate : 0.000331396, Train MRAE: 0.184088305, Test MRAE: 0.159758523, Test RMSE: 0.021984419, Test PSNR: 32.059249878, SAM: 0.066767760, SID: nan 
[iter:112040/400000],lr=0.000331396,train_losses.avg=0.184382215
[iter:112060/400000],lr=0.000331396,train_losses.avg=0.198035300
[iter:112080/400000],lr=0.000331395,train_losses.avg=0.189062461
[iter:112100/400000],lr=0.000331394,train_losses.avg=0.184709728
[iter:112120/400000],lr=0.000331394,train_losses.avg=0.178057984
[iter:112140/400000],lr=0.000331393,train_losses.avg=0.181302935
[iter:112160/400000],lr=0.000331392,train_losses.avg=0.182571098
[iter:112180/400000],lr=0.000331392,train_losses.avg=0.182186082
[iter:112200/400000],lr=0.000331391,train_losses.avg=0.183018252
[iter:112220/400000],lr=0.000331390,train_losses.avg=0.183745354
[iter:112240/400000],lr=0.000331390,train_losses.avg=0.182213500
[iter:112260/400000],lr=0.000331389,train_losses.avg=0.182185858
[iter:112280/400000],lr=0.000331388,train_losses.avg=0.181185827
[iter:112300/400000],lr=0.000331387,train_losses.avg=0.184215978
[iter:112320/400000],lr=0.000331387,train_losses.avg=0.185225591
[iter:112340/400000],lr=0.000331386,train_losses.avg=0.185231060
[iter:112360/400000],lr=0.000331385,train_losses.avg=0.186106607
[iter:112380/400000],lr=0.000331385,train_losses.avg=0.186583504
[iter:112400/400000],lr=0.000331384,train_losses.avg=0.185745224
[iter:112420/400000],lr=0.000331383,train_losses.avg=0.186618596
[iter:112440/400000],lr=0.000331382,train_losses.avg=0.186120778
[iter:112460/400000],lr=0.000331382,train_losses.avg=0.185683683
[iter:112480/400000],lr=0.000331381,train_losses.avg=0.185110971
[iter:112500/400000],lr=0.000331380,train_losses.avg=0.185777277
[iter:112520/400000],lr=0.000331379,train_losses.avg=0.185327098
[iter:112540/400000],lr=0.000331379,train_losses.avg=0.185426712
[iter:112560/400000],lr=0.000331378,train_losses.avg=0.185641468
[iter:112580/400000],lr=0.000331377,train_losses.avg=0.186284482
[iter:112600/400000],lr=0.000331376,train_losses.avg=0.186657935
[iter:112620/400000],lr=0.000331376,train_losses.avg=0.187185541
[iter:112640/400000],lr=0.000331375,train_losses.avg=0.187153444
[iter:112660/400000],lr=0.000331374,train_losses.avg=0.186872914
[iter:112680/400000],lr=0.000331373,train_losses.avg=0.186527133
[iter:112700/400000],lr=0.000331373,train_losses.avg=0.186481982
[iter:112720/400000],lr=0.000331372,train_losses.avg=0.186187819
[iter:112740/400000],lr=0.000331371,train_losses.avg=0.186281741
[iter:112760/400000],lr=0.000331370,train_losses.avg=0.186274394
[iter:112780/400000],lr=0.000331369,train_losses.avg=0.186223432
[iter:112800/400000],lr=0.000331369,train_losses.avg=0.186582923
[iter:112820/400000],lr=0.000331368,train_losses.avg=0.186557025
[iter:112840/400000],lr=0.000331367,train_losses.avg=0.186564714
[iter:112860/400000],lr=0.000331366,train_losses.avg=0.186433718
[iter:112880/400000],lr=0.000331365,train_losses.avg=0.186435863
[iter:112900/400000],lr=0.000331364,train_losses.avg=0.186687186
[iter:112920/400000],lr=0.000331364,train_losses.avg=0.186514273
[iter:112940/400000],lr=0.000331363,train_losses.avg=0.186684713
[iter:112960/400000],lr=0.000331362,train_losses.avg=0.187117144
[iter:112980/400000],lr=0.000331361,train_losses.avg=0.187302336
[iter:113000/400000],lr=0.000331360,train_losses.avg=0.187348902
[iter:113020/400000],lr=0.000331359,train_losses.avg=0.187444478
[iter:113040/400000],lr=0.000331359,train_losses.avg=0.187424645
[iter:113060/400000],lr=0.000331358,train_losses.avg=0.187353358
[iter:113080/400000],lr=0.000331357,train_losses.avg=0.187417194
[iter:113100/400000],lr=0.000331356,train_losses.avg=0.187116519
[iter:113120/400000],lr=0.000331355,train_losses.avg=0.186679348
[iter:113140/400000],lr=0.000331354,train_losses.avg=0.186456248
[iter:113160/400000],lr=0.000331353,train_losses.avg=0.186651751
[iter:113180/400000],lr=0.000331352,train_losses.avg=0.186380163
[iter:113200/400000],lr=0.000331352,train_losses.avg=0.186222881
[iter:113220/400000],lr=0.000331351,train_losses.avg=0.186239839
[iter:113240/400000],lr=0.000331350,train_losses.avg=0.186185658
[iter:113260/400000],lr=0.000331349,train_losses.avg=0.186126590
[iter:113280/400000],lr=0.000331348,train_losses.avg=0.186150983
[iter:113300/400000],lr=0.000331347,train_losses.avg=0.186048359
[iter:113320/400000],lr=0.000331346,train_losses.avg=0.185949638
[iter:113340/400000],lr=0.000331345,train_losses.avg=0.186400145
[iter:113360/400000],lr=0.000331344,train_losses.avg=0.186377123
[iter:113380/400000],lr=0.000331343,train_losses.avg=0.186108619
[iter:113400/400000],lr=0.000331342,train_losses.avg=0.186121374
[iter:113420/400000],lr=0.000331342,train_losses.avg=0.186098173
[iter:113440/400000],lr=0.000331341,train_losses.avg=0.185795084
[iter:113460/400000],lr=0.000331340,train_losses.avg=0.185643211
[iter:113480/400000],lr=0.000331339,train_losses.avg=0.185699657
[iter:113500/400000],lr=0.000331338,train_losses.avg=0.185761124
[iter:113520/400000],lr=0.000331337,train_losses.avg=0.185886860
[iter:113540/400000],lr=0.000331336,train_losses.avg=0.185789838
[iter:113560/400000],lr=0.000331335,train_losses.avg=0.185759738
[iter:113580/400000],lr=0.000331334,train_losses.avg=0.185751900
[iter:113600/400000],lr=0.000331333,train_losses.avg=0.185770541
[iter:113620/400000],lr=0.000331332,train_losses.avg=0.185876906
[iter:113640/400000],lr=0.000331331,train_losses.avg=0.185942456
[iter:113660/400000],lr=0.000331330,train_losses.avg=0.185856909
[iter:113680/400000],lr=0.000331329,train_losses.avg=0.185786024
[iter:113700/400000],lr=0.000331328,train_losses.avg=0.185891807
[iter:113720/400000],lr=0.000331327,train_losses.avg=0.185827389
[iter:113740/400000],lr=0.000331326,train_losses.avg=0.185826182
[iter:113760/400000],lr=0.000331325,train_losses.avg=0.185804948
[iter:113780/400000],lr=0.000331324,train_losses.avg=0.186145753
[iter:113800/400000],lr=0.000331323,train_losses.avg=0.186035648
[iter:113820/400000],lr=0.000331322,train_losses.avg=0.186004713
[iter:113840/400000],lr=0.000331321,train_losses.avg=0.185957819
[iter:113860/400000],lr=0.000331320,train_losses.avg=0.185914338
[iter:113880/400000],lr=0.000331319,train_losses.avg=0.185881764
[iter:113900/400000],lr=0.000331318,train_losses.avg=0.185815945
[iter:113920/400000],lr=0.000331317,train_losses.avg=0.185673997
[iter:113940/400000],lr=0.000331316,train_losses.avg=0.185608208
[iter:113960/400000],lr=0.000331315,train_losses.avg=0.185546279
[iter:113980/400000],lr=0.000331314,train_losses.avg=0.185576424
[iter:114000/400000],lr=0.000331313,train_losses.avg=0.185546085
[iter:114020/400000],lr=0.000331312,train_losses.avg=0.185636997
[iter:114040/400000],lr=0.000331311,train_losses.avg=0.185392082
[iter:114060/400000],lr=0.000331310,train_losses.avg=0.185262159
[iter:114080/400000],lr=0.000331309,train_losses.avg=0.185366437
[iter:114100/400000],lr=0.000331307,train_losses.avg=0.185454562
[iter:114120/400000],lr=0.000331306,train_losses.avg=0.185480818
[iter:114140/400000],lr=0.000331305,train_losses.avg=0.185334340
[iter:114160/400000],lr=0.000331304,train_losses.avg=0.185251102
[iter:114180/400000],lr=0.000331303,train_losses.avg=0.185283348
[iter:114200/400000],lr=0.000331302,train_losses.avg=0.185271487
[iter:114220/400000],lr=0.000331301,train_losses.avg=0.185442582
[iter:114240/400000],lr=0.000331300,train_losses.avg=0.185476422
[iter:114260/400000],lr=0.000331299,train_losses.avg=0.185461923
[iter:114280/400000],lr=0.000331298,train_losses.avg=0.185401410
[iter:114300/400000],lr=0.000331296,train_losses.avg=0.185393468
[iter:114320/400000],lr=0.000331295,train_losses.avg=0.185330823
[iter:114340/400000],lr=0.000331294,train_losses.avg=0.185275212
[iter:114360/400000],lr=0.000331293,train_losses.avg=0.185406625
[iter:114380/400000],lr=0.000331292,train_losses.avg=0.185284778
[iter:114400/400000],lr=0.000331291,train_losses.avg=0.185091317
[iter:114420/400000],lr=0.000331290,train_losses.avg=0.185060158
[iter:114440/400000],lr=0.000331289,train_losses.avg=0.185042948
[iter:114460/400000],lr=0.000331287,train_losses.avg=0.185283974
[iter:114480/400000],lr=0.000331286,train_losses.avg=0.185175061
[iter:114500/400000],lr=0.000331285,train_losses.avg=0.184991613
[iter:114520/400000],lr=0.000331284,train_losses.avg=0.184897840
[iter:114540/400000],lr=0.000331283,train_losses.avg=0.184908122
[iter:114560/400000],lr=0.000331282,train_losses.avg=0.184753656
[iter:114580/400000],lr=0.000331281,train_losses.avg=0.184783444
[iter:114600/400000],lr=0.000331279,train_losses.avg=0.184795231
[iter:114620/400000],lr=0.000331278,train_losses.avg=0.184670225
[iter:114640/400000],lr=0.000331277,train_losses.avg=0.184549794
[iter:114660/400000],lr=0.000331276,train_losses.avg=0.184776455
[iter:114680/400000],lr=0.000331275,train_losses.avg=0.184791014
[iter:114700/400000],lr=0.000331273,train_losses.avg=0.184666425
[iter:114720/400000],lr=0.000331272,train_losses.avg=0.184608176
[iter:114740/400000],lr=0.000331271,train_losses.avg=0.184547871
[iter:114760/400000],lr=0.000331270,train_losses.avg=0.184443846
[iter:114780/400000],lr=0.000331269,train_losses.avg=0.184323087
[iter:114800/400000],lr=0.000331267,train_losses.avg=0.184342042
[iter:114820/400000],lr=0.000331266,train_losses.avg=0.184405565
[iter:114840/400000],lr=0.000331265,train_losses.avg=0.184410810
[iter:114860/400000],lr=0.000331264,train_losses.avg=0.184426531
[iter:114880/400000],lr=0.000331262,train_losses.avg=0.184451252
[iter:114900/400000],lr=0.000331261,train_losses.avg=0.184454173
[iter:114920/400000],lr=0.000331260,train_losses.avg=0.184444830
[iter:114940/400000],lr=0.000331259,train_losses.avg=0.184493750
[iter:114960/400000],lr=0.000331258,train_losses.avg=0.184430584
[iter:114980/400000],lr=0.000331256,train_losses.avg=0.184381559
[iter:115000/400000],lr=0.000331255,train_losses.avg=0.184313327
[iter:115020/400000],lr=0.000331254,train_losses.avg=0.184344873
[iter:115040/400000],lr=0.000331253,train_losses.avg=0.184362277
[iter:115060/400000],lr=0.000331251,train_losses.avg=0.184337229
[iter:115080/400000],lr=0.000331250,train_losses.avg=0.184333548
[iter:115100/400000],lr=0.000331249,train_losses.avg=0.184398681
[iter:115120/400000],lr=0.000331247,train_losses.avg=0.184449345
[iter:115140/400000],lr=0.000331246,train_losses.avg=0.184416771
[iter:115160/400000],lr=0.000331245,train_losses.avg=0.184276730
[iter:115180/400000],lr=0.000331244,train_losses.avg=0.184331939
[iter:115200/400000],lr=0.000331242,train_losses.avg=0.184413016
[iter:115220/400000],lr=0.000331241,train_losses.avg=0.184335500
